#! /usr/bin/vvp
:ivl_version "0.9.6 " "(v0_9_6)";
:vpi_time_precision - 12;
:vpi_module "system";
:vpi_module "v2005_math";
:vpi_module "va_math";
S_0x1bc7a60 .scope module, "proc" "proc" 2 5;
 .timescale -9 -12;
v0x1c420f0_0 .var "clk", 0 0;
v0x1c3e660_0 .net "opcode", 5 0, L_0x1c48640; 1 drivers
v0x1c424a0_0 .net "p1", 0 0, L_0x1c48740; 1 drivers
v0x1c42520_0 .var "puerto", 7 0;
v0x1c425a0_0 .var "reset", 0 0;
v0x1c42620_0 .net "s_PC", 0 0, v0x1c410b0_0; 1 drivers
v0x1c426a0_0 .net "s_WA3", 0 0, v0x1c41130_0; 1 drivers
v0x1c42720_0 .net "s_inc", 0 0, v0x1c411e0_0; 1 drivers
v0x1c427f0_0 .net "s_inm_alu", 0 0, v0x1c41260_0; 1 drivers
v0x1c42870_0 .net "s_inm_rd", 0 0, v0x1c412e0_0; 1 drivers
v0x1c428f0_0 .net "s_io", 0 0, v0x1c41360_0; 1 drivers
v0x1c42970_0 .net "s_io_alu", 0 0, v0x1c413e0_0; 1 drivers
v0x1c429f0_0 .net "s_io_enable", 0 0, v0x1c41460_0; 1 drivers
RS_0x7f15c3774338 .resolv tri, L_0x1c39cc0, L_0x1c438b0, C4<zzz>, C4<zzz>;
v0x1c42a70_0 .net8 "s_op", 2 0, RS_0x7f15c3774338; 2 drivers
v0x1c42b70_0 .net "s_rel", 0 0, v0x1c41560_0; 1 drivers
v0x1c42bf0_0 .net "s_we3", 0 0, v0x1c415e0_0; 1 drivers
v0x1c42af0_0 .net "s_wePC2", 0 0, v0x1c41660_0; 1 drivers
v0x1c42d00_0 .net "z", 0 0, L_0x1c452e0; 1 drivers
v0x1c42c70_0 .net "z1", 0 0, C4<z>; 0 drivers
v0x1c42e20_0 .net "z2", 0 0, v0x1c37130_0; 1 drivers
L_0x1c48740 .part v0x1c42520_0, 0, 1;
S_0x1c40e90 .scope module, "unicon" "uc" 2 22, 3 1, S_0x1bc7a60;
 .timescale -9 -12;
L_0x1c39cc0 .functor BUFZ 3, v0x1c414e0_0, C4<000>, C4<000>, C4<000>;
L_0x1c438b0 .functor BUFZ 3, v0x1c414e0_0, C4<000>, C4<000>, C4<000>;
v0x1c40f80_0 .net "clk", 0 0, v0x1c420f0_0; 1 drivers
v0x1c41000_0 .alias "opcode", 5 0, v0x1c3e660_0;
v0x1c410b0_0 .var "r_PC", 0 0;
v0x1c41130_0 .var "r_WA3", 0 0;
v0x1c411e0_0 .var "r_inc", 0 0;
v0x1c41260_0 .var "r_inm_alu", 0 0;
v0x1c412e0_0 .var "r_inm_rd", 0 0;
v0x1c41360_0 .var "r_io", 0 0;
v0x1c413e0_0 .var "r_io_alu", 0 0;
v0x1c41460_0 .var "r_io_enable", 0 0;
v0x1c414e0_0 .var "r_op", 2 0;
v0x1c41560_0 .var "r_rel", 0 0;
v0x1c415e0_0 .var "r_we3", 0 0;
v0x1c41660_0 .var "r_wePC2", 0 0;
v0x1c41760_0 .net "reset", 0 0, v0x1c425a0_0; 1 drivers
v0x1c417e0_0 .alias "s_PC", 0 0, v0x1c42620_0;
v0x1c416e0_0 .alias "s_WA3", 0 0, v0x1c426a0_0;
v0x1c41940_0 .alias "s_inc", 0 0, v0x1c42720_0;
v0x1c41a60_0 .alias "s_inm_alu", 0 0, v0x1c427f0_0;
v0x1c41b30_0 .alias "s_inm_rd", 0 0, v0x1c42870_0;
v0x1c41c60_0 .alias "s_io", 0 0, v0x1c428f0_0;
v0x1c41ce0_0 .alias "s_io_alu", 0 0, v0x1c42970_0;
v0x1c41e20_0 .alias "s_io_enable", 0 0, v0x1c429f0_0;
v0x1c41ea0_0 .alias "s_op", 2 0, v0x1c42a70_0;
v0x1c41ff0_0 .alias "s_rel", 0 0, v0x1c42b70_0;
v0x1c42070_0 .alias "s_we3", 0 0, v0x1c42bf0_0;
v0x1c41f70_0 .alias "s_wePC2", 0 0, v0x1c42af0_0;
v0x1c42220_0 .alias "z", 0 0, v0x1c42e20_0;
S_0x1c37280 .scope module, "controlador" "microc" 2 24, 4 4, S_0x1bc7a60;
 .timescale -9 -12;
v0x1c3ed50_0 .net "alu_out", 7 0, v0x1c3c380_0; 1 drivers
v0x1c3ee20_0 .alias "clk", 0 0, v0x1c40f80_0;
v0x1c3eea0_0 .net "in_data", 7 0, v0x1c3abd0_0; 1 drivers
v0x1c3ef70_0 .net "memdata", 15 0, L_0x1c41c00; 1 drivers
v0x1c3eff0_0 .alias "opcode", 5 0, v0x1c3e660_0;
v0x1c3f070_0 .net "out_MuxPC", 9 0, L_0x1c47c00; 1 drivers
v0x1c3f130_0 .net "out_MuxPC2", 9 0, L_0x1c47e60; 1 drivers
v0x1c3f200_0 .net "out_Mux_IO", 7 0, L_0x1c48500; 1 drivers
v0x1c3f320_0 .net "out_PC", 9 0, v0x1c3ec00_0; 1 drivers
v0x1c3f3a0_0 .net "out_PC2", 9 0, v0x1c3e770_0; 1 drivers
v0x1c3f420_0 .net "out_muxWA3", 3 0, L_0x1c48150; 1 drivers
v0x1c3f4f0_0 .net "out_mux_alu", 7 0, L_0x1c483d0; 1 drivers
v0x1c3f5c0_0 .net "out_mux_reg", 7 0, L_0x1c47f00; 1 drivers
v0x1c3f690_0 .net "out_mux_rel", 9 0, L_0x1c479e0; 1 drivers
v0x1c3f7e0_0 .net "out_sumPC", 9 0, L_0x1c478b0; 1 drivers
v0x1c3f8b0_0 .net "p0", 7 0, L_0x1c45410; 1 drivers
RS_0x7f15c3773ca8 .resolv tri, L_0x1c455d0, v0x1c402f0_0, C4<zzzzzzzz>, C4<zzzzzzzz>;
v0x1c3f710_0 .net8 "p1", 7 0, RS_0x7f15c3773ca8; 2 drivers
v0x1c3f9c0_0 .net "p10", 7 0, L_0x1c46a90; 1 drivers
v0x1c3f930_0 .net "p11", 7 0, L_0x1c46c90; 1 drivers
v0x1c3fae0_0 .net "p12", 7 0, L_0x1c46ea0; 1 drivers
v0x1c3fa40_0 .net "p13", 7 0, L_0x1c470c0; 1 drivers
v0x1c3fc10_0 .net "p14", 7 0, L_0x1c472f0; 1 drivers
v0x1c3fb60_0 .net "p15", 7 0, L_0x1c46320; 1 drivers
v0x1c3fd50_0 .net "p2", 7 0, L_0x1c457e0; 1 drivers
v0x1c3fc90_0 .net "p3", 7 0, L_0x1c45a50; 1 drivers
v0x1c3fea0_0 .net "p4", 7 0, L_0x1c45c60; 1 drivers
v0x1c3fdd0_0 .net "p5", 7 0, L_0x1c45e80; 1 drivers
v0x1c40000_0 .net "p6", 7 0, L_0x1c46090; 1 drivers
v0x1c3ff20_0 .net "p7", 7 0, L_0x1c46430; 1 drivers
v0x1c40170_0 .net "p8", 7 0, L_0x1c46640; 1 drivers
v0x1c40080_0 .net "p9", 7 0, L_0x1c46870; 1 drivers
v0x1c402f0_0 .var "puerto", 7 0;
v0x1c401f0_0 .net "reg_out1", 7 0, L_0x1c43e00; 1 drivers
v0x1c40270_0 .net "reg_out2", 7 0, L_0x1c44230; 1 drivers
v0x1c40490_0 .alias "reset", 0 0, v0x1c41760_0;
v0x1c405a0_0 .alias "s_PC", 0 0, v0x1c42620_0;
v0x1c40370_0 .alias "s_WA3", 0 0, v0x1c426a0_0;
v0x1c403f0_0 .alias "s_inc", 0 0, v0x1c42720_0;
v0x1c40760_0 .alias "s_inm_alu", 0 0, v0x1c427f0_0;
v0x1c407e0_0 .alias "s_inm_rd", 0 0, v0x1c42870_0;
v0x1c40650_0 .alias "s_io", 0 0, v0x1c428f0_0;
v0x1c409b0_0 .alias "s_io_alu", 0 0, v0x1c42970_0;
v0x1c40860_0 .alias "s_io_enable", 0 0, v0x1c429f0_0;
v0x1c408e0_0 .alias "s_op", 2 0, v0x1c42a70_0;
v0x1c40ba0_0 .alias "s_rel", 0 0, v0x1c42b70_0;
v0x1c40c50_0 .alias "s_we3", 0 0, v0x1c42bf0_0;
v0x1c40a60_0 .alias "s_wePC2", 0 0, v0x1c42af0_0;
v0x1c40b10_0 .alias "z", 0 0, v0x1c42d00_0;
L_0x1c44f20 .part L_0x1c41c00, 8, 4;
L_0x1c44fc0 .part L_0x1c41c00, 4, 4;
L_0x1c473e0 .part L_0x1c41c00, 0, 4;
L_0x1c47b10 .part L_0x1c41c00, 0, 10;
L_0x1c47dc0 .part L_0x1c41c00, 0, 10;
L_0x1c47fa0 .part L_0x1c41c00, 4, 8;
L_0x1c481f0 .part L_0x1c41c00, 4, 4;
L_0x1c48290 .part L_0x1c41c00, 0, 4;
L_0x1c485a0 .part L_0x1c41c00, 4, 8;
L_0x1c48640 .part L_0x1c41c00, 10, 6;
S_0x1c3e970 .scope module, "PC" "registro" 4 46, 5 50, S_0x1c37280;
 .timescale -9 -12;
P_0x1c3ea68 .param/l "WIDTH" 5 50, +C4<01010>;
v0x1c3eb00_0 .alias "clk", 0 0, v0x1c40f80_0;
v0x1c3eb80_0 .alias "d", 9 0, v0x1c3f130_0;
v0x1c3ec00_0 .var "q", 9 0;
v0x1c3ecd0_0 .alias "reset", 0 0, v0x1c41760_0;
S_0x1c3e490 .scope module, "PC2" "registro_we" 4 48, 5 64, S_0x1c37280;
 .timescale -9 -12;
P_0x1c3ca38 .param/l "WIDTH" 5 64, +C4<01010>;
v0x1c3e5e0_0 .alias "clk", 0 0, v0x1c40f80_0;
v0x1c3e6f0_0 .alias "d", 9 0, v0x1c3f070_0;
v0x1c3e770_0 .var "q", 9 0;
v0x1c3e7f0_0 .alias "reset", 0 0, v0x1c41760_0;
v0x1c3e8f0_0 .alias "s_we", 0 0, v0x1c42af0_0;
S_0x1c3e0a0 .scope module, "memoria" "memprog" 4 50, 6 3, S_0x1c37280;
 .timescale -9 -12;
L_0x1c41c00 .functor BUFZ 16, L_0x1c43a90, C4<0000000000000000>, C4<0000000000000000>, C4<0000000000000000>;
v0x1c3e190_0 .net *"_s0", 15 0, L_0x1c43a90; 1 drivers
v0x1c3e230_0 .alias "a", 9 0, v0x1c3f320_0;
v0x1c3e2e0_0 .alias "clk", 0 0, v0x1c40f80_0;
v0x1c3e360 .array "mem", 1023 0, 15 0;
v0x1c3e410_0 .alias "rd", 15 0, v0x1c3ef70_0;
L_0x1c43a90 .array/port v0x1c3e360, v0x1c3ec00_0;
S_0x1c3c500 .scope module, "registros" "regfile" 4 52, 5 4, S_0x1c37280;
 .timescale -9 -12;
v0x1c3c660_0 .net *"_s0", 4 0, L_0x1c43bc0; 1 drivers
v0x1c3c720_0 .net *"_s10", 7 0, C4<00000000>; 1 drivers
v0x1c3c7c0_0 .net *"_s14", 4 0, L_0x1c43ea0; 1 drivers
v0x1c3c860_0 .net *"_s17", 0 0, C4<0>; 1 drivers
v0x1c3c910_0 .net *"_s18", 4 0, C4<00000>; 1 drivers
v0x1c3c9b0_0 .net *"_s20", 0 0, L_0x1c43fb0; 1 drivers
v0x1c3ca90_0 .net *"_s22", 7 0, L_0x1c440c0; 1 drivers
v0x1c3cb30_0 .net *"_s24", 7 0, C4<00000000>; 1 drivers
v0x1c3cbd0_0 .net *"_s3", 0 0, C4<0>; 1 drivers
v0x1c3cc70_0 .net *"_s4", 4 0, C4<00000>; 1 drivers
v0x1c3cd10_0 .net *"_s6", 0 0, L_0x1c43c90; 1 drivers
v0x1c3cdb0_0 .net *"_s8", 7 0, L_0x1c43d60; 1 drivers
v0x1c3ce50_0 .alias "clk", 0 0, v0x1c40f80_0;
v0x1c3da90_1 .array/port v0x1c3da90, 1;
v0x1c3ced0_0 .net "r1", 7 0, v0x1c3da90_1; 1 drivers
v0x1c3da90_10 .array/port v0x1c3da90, 10;
v0x1c3cff0_0 .net "r10", 7 0, v0x1c3da90_10; 1 drivers
v0x1c3da90_11 .array/port v0x1c3da90, 11;
v0x1c3d090_0 .net "r11", 7 0, v0x1c3da90_11; 1 drivers
v0x1c3da90_12 .array/port v0x1c3da90, 12;
v0x1c3cf50_0 .net "r12", 7 0, v0x1c3da90_12; 1 drivers
v0x1c3da90_13 .array/port v0x1c3da90, 13;
v0x1c3d1e0_0 .net "r13", 7 0, v0x1c3da90_13; 1 drivers
v0x1c3da90_14 .array/port v0x1c3da90, 14;
v0x1c3d300_0 .net "r14", 7 0, v0x1c3da90_14; 1 drivers
v0x1c3da90_15 .array/port v0x1c3da90, 15;
v0x1c3d380_0 .net "r15", 7 0, v0x1c3da90_15; 1 drivers
v0x1c3da90_2 .array/port v0x1c3da90, 2;
v0x1c3d260_0 .net "r2", 7 0, v0x1c3da90_2; 1 drivers
v0x1c3da90_3 .array/port v0x1c3da90, 3;
v0x1c3d4b0_0 .net "r3", 7 0, v0x1c3da90_3; 1 drivers
v0x1c3da90_4 .array/port v0x1c3da90, 4;
v0x1c3d400_0 .net "r4", 7 0, v0x1c3da90_4; 1 drivers
v0x1c3da90_5 .array/port v0x1c3da90, 5;
v0x1c3d5f0_0 .net "r5", 7 0, v0x1c3da90_5; 1 drivers
v0x1c3da90_6 .array/port v0x1c3da90, 6;
v0x1c3d550_0 .net "r6", 7 0, v0x1c3da90_6; 1 drivers
v0x1c3da90_7 .array/port v0x1c3da90, 7;
v0x1c3d740_0 .net "r7", 7 0, v0x1c3da90_7; 1 drivers
v0x1c3da90_8 .array/port v0x1c3da90, 8;
v0x1c3d690_0 .net "r8", 7 0, v0x1c3da90_8; 1 drivers
v0x1c3da90_9 .array/port v0x1c3da90, 9;
v0x1c3d8a0_0 .net "r9", 7 0, v0x1c3da90_9; 1 drivers
v0x1c3d7e0_0 .net "ra1", 3 0, L_0x1c44f20; 1 drivers
v0x1c3da10_0 .net "ra2", 3 0, L_0x1c44fc0; 1 drivers
v0x1c3d920_0 .alias "rd1", 7 0, v0x1c401f0_0;
v0x1c3db90_0 .alias "rd2", 7 0, v0x1c40270_0;
v0x1c3da90 .array "regb", 15 0, 7 0;
v0x1c3def0_0 .alias "wa3", 3 0, v0x1c3f420_0;
v0x1c3dc10_0 .alias "wd3", 7 0, v0x1c3f5c0_0;
v0x1c3dc90_0 .alias "we3", 0 0, v0x1c42bf0_0;
E_0x1c3c5f0 .event edge, v0x1c36ff0_0;
L_0x1c43bc0 .concat [ 4 1 0 0], L_0x1c44f20, C4<0>;
L_0x1c43c90 .cmp/ne 5, L_0x1c43bc0, C4<00000>;
L_0x1c43d60 .array/port v0x1c3da90, L_0x1c44f20;
L_0x1c43e00 .functor MUXZ 8, C4<00000000>, L_0x1c43d60, L_0x1c43c90, C4<>;
L_0x1c43ea0 .concat [ 4 1 0 0], L_0x1c44fc0, C4<0>;
L_0x1c43fb0 .cmp/ne 5, L_0x1c43ea0, C4<00000>;
L_0x1c440c0 .array/port v0x1c3da90, L_0x1c44fc0;
L_0x1c44230 .functor MUXZ 8, C4<00000000>, L_0x1c440c0, L_0x1c43fb0, C4<>;
S_0x1c3bb80 .scope module, "ual" "alu" 4 55, 7 1, S_0x1c37280;
 .timescale -9 -12;
L_0x1c452e0 .functor NOT 1, L_0x1c45180, C4<0>, C4<0>, C4<0>;
v0x1c3c0c0_0 .net *"_s3", 0 0, L_0x1c45180; 1 drivers
v0x1c3c180_0 .alias "a", 7 0, v0x1c401f0_0;
v0x1c3c220_0 .alias "b", 7 0, v0x1c40270_0;
v0x1c3c2d0_0 .alias "op", 2 0, v0x1c42a70_0;
v0x1c3c380_0 .var "s", 7 0;
v0x1c3c400_0 .alias "y", 7 0, v0x1c3ed50_0;
v0x1c3c480_0 .alias "zero", 0 0, v0x1c42d00_0;
E_0x1c3bc70 .event edge, v0x1c3c2d0_0, v0x1c375c0_0, v0x1c3c180_0;
L_0x1c45180 .reduce/or v0x1c3c380_0;
S_0x1c39420 .scope module, "EntSal" "IO" 4 57, 5 93, S_0x1c37280;
 .timescale -9 -12;
P_0x1c39518 .param/l "WIDTH" 5 93, +C4<01000>;
v0x1c395e0_0 .net *"_s1", 0 0, L_0x1c45340; 1 drivers
v0x1c396a0_0 .net *"_s10", 7 0, C4<zzzzzzzz>; 0 drivers
v0x1c39740_0 .net *"_s101", 7 0, C4<zzzzzzzz>; 0 drivers
v0x1c397e0_0 .net *"_s106", 0 0, L_0x1c47490; 1 drivers
v0x1c39890_0 .net *"_s108", 7 0, C4<zzzzzzzz>; 0 drivers
v0x1c39930_0 .net *"_s15", 0 0, L_0x1c45710; 1 drivers
v0x1c39a10_0 .net *"_s17", 7 0, C4<zzzzzzzz>; 0 drivers
v0x1c39ab0_0 .net *"_s22", 0 0, L_0x1c45920; 1 drivers
v0x1c39ba0_0 .net *"_s24", 7 0, C4<zzzzzzzz>; 0 drivers
v0x1c39c40_0 .net *"_s29", 0 0, L_0x1c45b90; 1 drivers
v0x1c39d40_0 .net *"_s3", 7 0, C4<zzzzzzzz>; 0 drivers
v0x1c39de0_0 .net *"_s31", 7 0, C4<zzzzzzzz>; 0 drivers
v0x1c39ef0_0 .net *"_s36", 0 0, L_0x1c45db0; 1 drivers
v0x1c39f90_0 .net *"_s38", 7 0, C4<zzzzzzzz>; 0 drivers
v0x1c3a0b0_0 .net *"_s43", 0 0, L_0x1c45fc0; 1 drivers
v0x1c3a150_0 .net *"_s45", 7 0, C4<zzzzzzzz>; 0 drivers
v0x1c3a010_0 .net *"_s50", 0 0, L_0x1c46250; 1 drivers
v0x1c3a2a0_0 .net *"_s52", 7 0, C4<zzzzzzzz>; 0 drivers
v0x1c3a3c0_0 .net *"_s57", 0 0, L_0x1c46570; 1 drivers
v0x1c3a440_0 .net *"_s59", 7 0, C4<zzzzzzzz>; 0 drivers
v0x1c3a320_0 .net *"_s64", 0 0, L_0x1c467d0; 1 drivers
v0x1c3a570_0 .net *"_s66", 7 0, C4<zzzzzzzz>; 0 drivers
v0x1c3a4c0_0 .net *"_s71", 0 0, L_0x1c469c0; 1 drivers
v0x1c3a6b0_0 .net *"_s73", 7 0, C4<zzzzzzzz>; 0 drivers
v0x1c3a610_0 .net *"_s78", 0 0, L_0x1c46bf0; 1 drivers
v0x1c3a800_0 .net *"_s8", 0 0, L_0x1c454b0; 1 drivers
v0x1c3a750_0 .net *"_s80", 7 0, C4<zzzzzzzz>; 0 drivers
v0x1c3a960_0 .net *"_s85", 0 0, L_0x1c46e00; 1 drivers
v0x1c3a8a0_0 .net *"_s87", 7 0, C4<zzzzzzzz>; 0 drivers
v0x1c3aad0_0 .net *"_s92", 0 0, L_0x1c47020; 1 drivers
v0x1c3a9e0_0 .net *"_s94", 7 0, C4<zzzzzzzz>; 0 drivers
v0x1c3ac50_0 .net *"_s99", 0 0, L_0x1c47250; 1 drivers
v0x1c3ab50_0 .alias "clk", 0 0, v0x1c40f80_0;
v0x1c3abd0_0 .var "in_data", 7 0;
v0x1c3adf0_0 .alias "io_enable", 0 0, v0x1c429f0_0;
v0x1c3ae70_0 .var "ioflags", 15 0;
v0x1c3acd0_0 .alias "out_data", 7 0, v0x1c3f200_0;
v0x1c3b020_0 .alias "p0", 7 0, v0x1c3f8b0_0;
v0x1c3aef0_0 .alias "p1", 7 0, v0x1c3f710_0;
v0x1c3af90_0 .alias "p10", 7 0, v0x1c3f9c0_0;
v0x1c3b1f0_0 .alias "p11", 7 0, v0x1c3f930_0;
v0x1c3b270_0 .alias "p12", 7 0, v0x1c3fae0_0;
v0x1c3b0a0_0 .alias "p13", 7 0, v0x1c3fa40_0;
v0x1c3b140_0 .alias "p14", 7 0, v0x1c3fc10_0;
v0x1c3b460_0 .alias "p15", 7 0, v0x1c3fb60_0;
v0x1c3b500_0 .alias "p2", 7 0, v0x1c3fd50_0;
v0x1c3b310_0 .alias "p3", 7 0, v0x1c3fc90_0;
v0x1c3b3b0_0 .alias "p4", 7 0, v0x1c3fea0_0;
v0x1c3b710_0 .alias "p5", 7 0, v0x1c3fdd0_0;
v0x1c3b7b0_0 .alias "p6", 7 0, v0x1c40000_0;
v0x1c3b5a0_0 .alias "p7", 7 0, v0x1c3ff20_0;
v0x1c3b640_0 .alias "p8", 7 0, v0x1c40170_0;
v0x1c3b9e0_0 .alias "p9", 7 0, v0x1c40080_0;
v0x1c3ba60 .array "puertos", 0 15, 7 0;
v0x1c3bd80_0 .alias "reset", 0 0, v0x1c41760_0;
v0x1c3be30_0 .alias "sel_io", 0 0, v0x1c428f0_0;
v0x1c3bae0_0 .net "sel_p", 3 0, L_0x1c473e0; 1 drivers
E_0x1c39590 .event posedge, v0x1c36ff0_0;
L_0x1c45340 .part v0x1c3ae70_0, 0, 1;
v0x1c3ba60_0 .array/port v0x1c3ba60, 0;
L_0x1c45410 .functor MUXZ 8, C4<zzzzzzzz>, v0x1c3ba60_0, L_0x1c45340, C4<>;
L_0x1c454b0 .part v0x1c3ae70_0, 1, 1;
v0x1c3ba60_1 .array/port v0x1c3ba60, 1;
L_0x1c455d0 .functor MUXZ 8, C4<zzzzzzzz>, v0x1c3ba60_1, L_0x1c454b0, C4<>;
L_0x1c45710 .part v0x1c3ae70_0, 2, 1;
v0x1c3ba60_2 .array/port v0x1c3ba60, 2;
L_0x1c457e0 .functor MUXZ 8, C4<zzzzzzzz>, v0x1c3ba60_2, L_0x1c45710, C4<>;
L_0x1c45920 .part v0x1c3ae70_0, 3, 1;
v0x1c3ba60_3 .array/port v0x1c3ba60, 3;
L_0x1c45a50 .functor MUXZ 8, C4<zzzzzzzz>, v0x1c3ba60_3, L_0x1c45920, C4<>;
L_0x1c45b90 .part v0x1c3ae70_0, 4, 1;
v0x1c3ba60_4 .array/port v0x1c3ba60, 4;
L_0x1c45c60 .functor MUXZ 8, C4<zzzzzzzz>, v0x1c3ba60_4, L_0x1c45b90, C4<>;
L_0x1c45db0 .part v0x1c3ae70_0, 5, 1;
v0x1c3ba60_5 .array/port v0x1c3ba60, 5;
L_0x1c45e80 .functor MUXZ 8, C4<zzzzzzzz>, v0x1c3ba60_5, L_0x1c45db0, C4<>;
L_0x1c45fc0 .part v0x1c3ae70_0, 6, 1;
v0x1c3ba60_6 .array/port v0x1c3ba60, 6;
L_0x1c46090 .functor MUXZ 8, C4<zzzzzzzz>, v0x1c3ba60_6, L_0x1c45fc0, C4<>;
L_0x1c46250 .part v0x1c3ae70_0, 7, 1;
v0x1c3ba60_7 .array/port v0x1c3ba60, 7;
L_0x1c46430 .functor MUXZ 8, C4<zzzzzzzz>, v0x1c3ba60_7, L_0x1c46250, C4<>;
L_0x1c46570 .part v0x1c3ae70_0, 8, 1;
v0x1c3ba60_8 .array/port v0x1c3ba60, 8;
L_0x1c46640 .functor MUXZ 8, C4<zzzzzzzz>, v0x1c3ba60_8, L_0x1c46570, C4<>;
L_0x1c467d0 .part v0x1c3ae70_0, 9, 1;
v0x1c3ba60_9 .array/port v0x1c3ba60, 9;
L_0x1c46870 .functor MUXZ 8, C4<zzzzzzzz>, v0x1c3ba60_9, L_0x1c467d0, C4<>;
L_0x1c469c0 .part v0x1c3ae70_0, 10, 1;
v0x1c3ba60_10 .array/port v0x1c3ba60, 10;
L_0x1c46a90 .functor MUXZ 8, C4<zzzzzzzz>, v0x1c3ba60_10, L_0x1c469c0, C4<>;
L_0x1c46bf0 .part v0x1c3ae70_0, 11, 1;
v0x1c3ba60_11 .array/port v0x1c3ba60, 11;
L_0x1c46c90 .functor MUXZ 8, C4<zzzzzzzz>, v0x1c3ba60_11, L_0x1c46bf0, C4<>;
L_0x1c46e00 .part v0x1c3ae70_0, 12, 1;
v0x1c3ba60_12 .array/port v0x1c3ba60, 12;
L_0x1c46ea0 .functor MUXZ 8, C4<zzzzzzzz>, v0x1c3ba60_12, L_0x1c46e00, C4<>;
L_0x1c47020 .part v0x1c3ae70_0, 13, 1;
v0x1c3ba60_13 .array/port v0x1c3ba60, 13;
L_0x1c470c0 .functor MUXZ 8, C4<zzzzzzzz>, v0x1c3ba60_13, L_0x1c47020, C4<>;
L_0x1c47250 .part v0x1c3ae70_0, 14, 1;
v0x1c3ba60_14 .array/port v0x1c3ba60, 14;
L_0x1c472f0 .functor MUXZ 8, C4<zzzzzzzz>, v0x1c3ba60_14, L_0x1c47250, C4<>;
L_0x1c47490 .part v0x1c3ae70_0, 15, 1;
v0x1c3ba60_15 .array/port v0x1c3ba60, 15;
L_0x1c46320 .functor MUXZ 8, C4<zzzzzzzz>, v0x1c3ba60_15, L_0x1c47490, C4<>;
S_0x1c39110 .scope module, "sumpc" "sum" 4 66, 5 43, S_0x1c37280;
 .timescale -9 -12;
v0x1c39200_0 .alias "a", 9 0, v0x1c3f320_0;
v0x1c392c0_0 .alias "b", 9 0, v0x1c3f690_0;
v0x1c39370_0 .alias "y", 9 0, v0x1c3f7e0_0;
L_0x1c478b0 .arith/sum 10, v0x1c3ec00_0, L_0x1c479e0;
S_0x1c38d10 .scope module, "muxrel" "mux2" 4 68, 5 75, S_0x1c37280;
 .timescale -9 -12;
P_0x1c38e08 .param/l "WIDTH" 5 75, +C4<01010>;
v0x1c38e80_0 .net "d0", 9 0, C4<0000000001>; 1 drivers
v0x1c38f20_0 .net "d1", 9 0, L_0x1c47b10; 1 drivers
v0x1c38fc0_0 .alias "s", 0 0, v0x1c42b70_0;
v0x1c39060_0 .alias "y", 9 0, v0x1c3f690_0;
L_0x1c479e0 .functor MUXZ 10, C4<0000000001>, L_0x1c47b10, v0x1c41560_0, C4<>;
S_0x1c388a0 .scope module, "muxPC" "mux2" 4 69, 5 75, S_0x1c37280;
 .timescale -9 -12;
P_0x1c38998 .param/l "WIDTH" 5 75, +C4<01010>;
v0x1c38a50_0 .net "d0", 9 0, L_0x1c47dc0; 1 drivers
v0x1c38af0_0 .alias "d1", 9 0, v0x1c3f7e0_0;
v0x1c38b90_0 .alias "s", 0 0, v0x1c42720_0;
v0x1c38c30_0 .alias "y", 9 0, v0x1c3f070_0;
L_0x1c47c00 .functor MUXZ 10, L_0x1c47dc0, L_0x1c478b0, v0x1c411e0_0, C4<>;
S_0x1c38460 .scope module, "muxPC2" "mux2" 4 70, 5 75, S_0x1c37280;
 .timescale -9 -12;
P_0x1c38558 .param/l "WIDTH" 5 75, +C4<01010>;
v0x1c38610_0 .alias "d0", 9 0, v0x1c3f070_0;
v0x1c386b0_0 .alias "d1", 9 0, v0x1c3f3a0_0;
v0x1c38750_0 .alias "s", 0 0, v0x1c42620_0;
v0x1c387f0_0 .alias "y", 9 0, v0x1c3f130_0;
L_0x1c47e60 .functor MUXZ 10, L_0x1c47c00, v0x1c3e770_0, v0x1c410b0_0, C4<>;
S_0x1c38030 .scope module, "muxreg" "mux2" 4 72, 5 75, S_0x1c37280;
 .timescale -9 -12;
P_0x1c38128 .param/l "WIDTH" 5 75, +C4<01000>;
v0x1c381e0_0 .alias "d0", 7 0, v0x1c3f4f0_0;
v0x1c38290_0 .net "d1", 7 0, L_0x1c47fa0; 1 drivers
v0x1c38310_0 .alias "s", 0 0, v0x1c427f0_0;
v0x1c383b0_0 .alias "y", 7 0, v0x1c3f5c0_0;
L_0x1c47f00 .functor MUXZ 8, L_0x1c483d0, L_0x1c47fa0, v0x1c41260_0, C4<>;
S_0x1c37bf0 .scope module, "mux_WA3" "mux2" 4 73, 5 75, S_0x1c37280;
 .timescale -9 -12;
P_0x1c37ce8 .param/l "WIDTH" 5 75, +C4<0100>;
v0x1c37da0_0 .net "d0", 3 0, L_0x1c481f0; 1 drivers
v0x1c37e40_0 .net "d1", 3 0, L_0x1c48290; 1 drivers
v0x1c37ee0_0 .alias "s", 0 0, v0x1c426a0_0;
v0x1c37f80_0 .alias "y", 3 0, v0x1c3f420_0;
L_0x1c48150 .functor MUXZ 4, L_0x1c481f0, L_0x1c48290, v0x1c41130_0, C4<>;
S_0x1c377b0 .scope module, "muxalu" "mux2" 4 74, 5 75, S_0x1c37280;
 .timescale -9 -12;
P_0x1c378a8 .param/l "WIDTH" 5 75, +C4<01000>;
v0x1c37960_0 .alias "d0", 7 0, v0x1c3ed50_0;
v0x1c37a00_0 .alias "d1", 7 0, v0x1c3eea0_0;
v0x1c37aa0_0 .alias "s", 0 0, v0x1c42970_0;
v0x1c37b40_0 .alias "y", 7 0, v0x1c3f4f0_0;
L_0x1c483d0 .functor MUXZ 8, v0x1c3c380_0, v0x1c3abd0_0, v0x1c413e0_0, C4<>;
S_0x1c37370 .scope module, "mux_IO" "mux2" 4 75, 5 75, S_0x1c37280;
 .timescale -9 -12;
P_0x1c37468 .param/l "WIDTH" 5 75, +C4<01000>;
v0x1c37520_0 .net "d0", 7 0, L_0x1c485a0; 1 drivers
v0x1c375c0_0 .alias "d1", 7 0, v0x1c40270_0;
v0x1c37660_0 .alias "s", 0 0, v0x1c42870_0;
v0x1c37700_0 .alias "y", 7 0, v0x1c3f200_0;
L_0x1c48500 .functor MUXZ 8, L_0x1c485a0, L_0x1c44230, v0x1c412e0_0, C4<>;
S_0x1c1ae20 .scope module, "lag" "ffdc" 2 26, 5 83, S_0x1bc7a60;
 .timescale -9 -12;
P_0x1b844f8 .param/l "retardo" 5 83, +C4<01>;
v0x1bba2c0_0 .net "carga", 0 0, C4<1>; 1 drivers
v0x1c36ff0_0 .alias "clk", 0 0, v0x1c40f80_0;
v0x1c37090_0 .alias "d", 0 0, v0x1c42c70_0;
v0x1c37130_0 .var "q", 0 0;
v0x1c371e0_0 .alias "reset", 0 0, v0x1c41760_0;
E_0x1bfcc70 .event posedge, v0x1c371e0_0, v0x1c36ff0_0;
    .scope S_0x1c40e90;
T_0 ;
    %set/v v0x1c411e0_0, 1, 1;
    %set/v v0x1c413e0_0, 0, 1;
    %set/v v0x1c41260_0, 0, 1;
    %set/v v0x1c41560_0, 0, 1;
    %set/v v0x1c415e0_0, 0, 1;
    %set/v v0x1c41130_0, 1, 1;
    %set/v v0x1c410b0_0, 0, 1;
    %set/v v0x1c412e0_0, 0, 1;
    %set/v v0x1c41660_0, 0, 1;
    %set/v v0x1c414e0_0, 0, 3;
    %set/v v0x1c41360_0, 0, 1;
    %set/v v0x1c41460_0, 0, 1;
    %end;
    .thread T_0;
    .scope S_0x1c40e90;
T_1 ;
    %wait E_0x1c39590;
    %ix/load 1, 2, 0;
    %mov 4, 0, 1;
    %jmp/1 T_1.0, 4;
    %load/x1p 8, v0x1c41000_0, 1;
    %jmp T_1.1;
T_1.0 ;
    %mov 8, 2, 1;
T_1.1 ;
; Save base=8 wid=1 in lookaside.
    %inv 8, 1;
    %jmp/0xz  T_1.2, 8;
    %set/v v0x1c411e0_0, 1, 1;
    %set/v v0x1c413e0_0, 0, 1;
    %set/v v0x1c41260_0, 0, 1;
    %set/v v0x1c41560_0, 0, 1;
    %set/v v0x1c415e0_0, 1, 1;
    %set/v v0x1c41130_0, 1, 1;
    %set/v v0x1c410b0_0, 0, 1;
    %set/v v0x1c412e0_0, 0, 1;
    %set/v v0x1c41660_0, 0, 1;
    %ix/load 1, 3, 0;
    %mov 4, 0, 1;
    %jmp/1 T_1.4, 4;
    %load/x1p 8, v0x1c41000_0, 3;
    %jmp T_1.5;
T_1.4 ;
    %mov 8, 2, 3;
T_1.5 ;
; Save base=8 wid=3 in lookaside.
    %set/v v0x1c414e0_0, 8, 3;
    %set/v v0x1c41360_0, 0, 1;
    %set/v v0x1c41460_0, 0, 1;
    %jmp T_1.3;
T_1.2 ;
    %load/v 8, v0x1c41000_0, 6;
    %mov 14, 2, 2;
    %movi 16, 1, 4;
    %cmp/u 8, 14, 6;
    %jmp/1 T_1.6, 6;
    %cmpi/u 8, 12, 6;
    %jmp/1 T_1.7, 6;
    %cmpi/u 8, 13, 6;
    %jmp/1 T_1.8, 6;
    %cmpi/u 8, 20, 6;
    %jmp/1 T_1.9, 6;
    %cmpi/u 8, 21, 6;
    %jmp/1 T_1.10, 6;
    %cmpi/u 8, 22, 6;
    %jmp/1 T_1.11, 6;
    %cmpi/u 8, 6, 6;
    %jmp/1 T_1.12, 6;
    %cmpi/u 8, 7, 6;
    %jmp/1 T_1.13, 6;
    %jmp T_1.14;
T_1.6 ;
    %set/v v0x1c411e0_0, 1, 1;
    %set/v v0x1c413e0_0, 0, 1;
    %set/v v0x1c41260_0, 1, 1;
    %set/v v0x1c41560_0, 0, 1;
    %set/v v0x1c415e0_0, 1, 1;
    %set/v v0x1c41130_0, 1, 1;
    %set/v v0x1c410b0_0, 0, 1;
    %set/v v0x1c412e0_0, 0, 1;
    %set/v v0x1c41660_0, 0, 1;
    %set/v v0x1c414e0_0, 0, 3;
    %set/v v0x1c41360_0, 0, 1;
    %set/v v0x1c41460_0, 0, 1;
    %jmp T_1.14;
T_1.7 ;
    %set/v v0x1c411e0_0, 1, 1;
    %set/v v0x1c413e0_0, 0, 1;
    %set/v v0x1c41260_0, 0, 1;
    %set/v v0x1c41560_0, 0, 1;
    %set/v v0x1c415e0_0, 0, 1;
    %set/v v0x1c41130_0, 1, 1;
    %set/v v0x1c410b0_0, 0, 1;
    %set/v v0x1c412e0_0, 0, 1;
    %set/v v0x1c41660_0, 1, 1;
    %set/v v0x1c414e0_0, 0, 3;
    %set/v v0x1c41360_0, 0, 1;
    %set/v v0x1c41460_0, 0, 1;
    %jmp T_1.14;
T_1.8 ;
    %set/v v0x1c411e0_0, 0, 1;
    %set/v v0x1c413e0_0, 0, 1;
    %set/v v0x1c41260_0, 0, 1;
    %set/v v0x1c41560_0, 0, 1;
    %set/v v0x1c415e0_0, 0, 1;
    %set/v v0x1c41130_0, 1, 1;
    %set/v v0x1c410b0_0, 1, 1;
    %set/v v0x1c412e0_0, 0, 1;
    %set/v v0x1c41660_0, 0, 1;
    %set/v v0x1c414e0_0, 0, 3;
    %set/v v0x1c41360_0, 0, 1;
    %set/v v0x1c41460_0, 0, 1;
    %jmp T_1.14;
T_1.9 ;
    %set/v v0x1c411e0_0, 1, 1;
    %set/v v0x1c413e0_0, 1, 1;
    %set/v v0x1c41260_0, 0, 1;
    %set/v v0x1c41560_0, 0, 1;
    %set/v v0x1c415e0_0, 1, 1;
    %set/v v0x1c41130_0, 0, 1;
    %set/v v0x1c410b0_0, 0, 1;
    %set/v v0x1c412e0_0, 0, 1;
    %set/v v0x1c41660_0, 0, 1;
    %set/v v0x1c414e0_0, 0, 3;
    %set/v v0x1c41360_0, 0, 1;
    %set/v v0x1c41460_0, 1, 1;
    %jmp T_1.14;
T_1.10 ;
    %set/v v0x1c411e0_0, 1, 1;
    %set/v v0x1c413e0_0, 1, 1;
    %set/v v0x1c41260_0, 0, 1;
    %set/v v0x1c41560_0, 0, 1;
    %set/v v0x1c415e0_0, 0, 1;
    %set/v v0x1c41130_0, 0, 1;
    %set/v v0x1c410b0_0, 0, 1;
    %set/v v0x1c412e0_0, 0, 1;
    %set/v v0x1c41660_0, 0, 1;
    %set/v v0x1c414e0_0, 0, 3;
    %set/v v0x1c41360_0, 1, 1;
    %set/v v0x1c41460_0, 1, 1;
    %jmp T_1.14;
T_1.11 ;
    %set/v v0x1c411e0_0, 1, 1;
    %set/v v0x1c413e0_0, 1, 1;
    %set/v v0x1c41260_0, 0, 1;
    %set/v v0x1c41560_0, 0, 1;
    %set/v v0x1c415e0_0, 0, 1;
    %set/v v0x1c41130_0, 0, 1;
    %set/v v0x1c410b0_0, 0, 1;
    %set/v v0x1c412e0_0, 1, 1;
    %set/v v0x1c41660_0, 0, 1;
    %set/v v0x1c414e0_0, 0, 3;
    %set/v v0x1c41360_0, 1, 1;
    %set/v v0x1c41460_0, 1, 1;
    %jmp T_1.14;
T_1.12 ;
    %jmp T_1.14;
T_1.13 ;
    %load/v 8, v0x1c41000_0, 2; Only need 2 of 6 bits
; Save base=8 wid=2 in lookaside.
    %cmpi/u 8, 0, 2;
    %jmp/1 T_1.15, 6;
    %cmpi/u 8, 1, 2;
    %jmp/1 T_1.16, 6;
    %cmpi/u 8, 2, 2;
    %jmp/1 T_1.17, 6;
    %cmpi/u 8, 3, 2;
    %jmp/1 T_1.18, 6;
    %jmp T_1.19;
T_1.15 ;
    %load/v 8, v0x1c42220_0, 1;
    %jmp/0xz  T_1.20, 8;
    %set/v v0x1c411e0_0, 1, 1;
    %set/v v0x1c413e0_0, 1, 1;
    %set/v v0x1c41260_0, 0, 1;
    %set/v v0x1c41560_0, 0, 1;
    %set/v v0x1c415e0_0, 0, 1;
    %set/v v0x1c41130_0, 0, 1;
    %set/v v0x1c410b0_0, 0, 1;
    %set/v v0x1c412e0_0, 1, 1;
    %set/v v0x1c41660_0, 0, 1;
    %set/v v0x1c414e0_0, 0, 3;
    %set/v v0x1c41360_0, 1, 1;
    %set/v v0x1c41460_0, 1, 1;
    %jmp T_1.21;
T_1.20 ;
    %set/v v0x1c411e0_0, 1, 1;
    %set/v v0x1c413e0_0, 1, 1;
    %set/v v0x1c41260_0, 0, 1;
    %set/v v0x1c41560_0, 0, 1;
    %set/v v0x1c415e0_0, 0, 1;
    %set/v v0x1c41130_0, 0, 1;
    %set/v v0x1c410b0_0, 0, 1;
    %set/v v0x1c412e0_0, 1, 1;
    %set/v v0x1c41660_0, 0, 1;
    %set/v v0x1c414e0_0, 0, 3;
    %set/v v0x1c41360_0, 1, 1;
    %set/v v0x1c41460_0, 1, 1;
T_1.21 ;
    %jmp T_1.19;
T_1.16 ;
    %load/v 8, v0x1c42220_0, 1;
    %inv 8, 1;
    %jmp/0xz  T_1.22, 8;
    %set/v v0x1c411e0_0, 1, 1;
    %set/v v0x1c413e0_0, 1, 1;
    %set/v v0x1c41260_0, 0, 1;
    %set/v v0x1c41560_0, 0, 1;
    %set/v v0x1c415e0_0, 0, 1;
    %set/v v0x1c41130_0, 0, 1;
    %set/v v0x1c410b0_0, 0, 1;
    %set/v v0x1c412e0_0, 1, 1;
    %set/v v0x1c41660_0, 0, 1;
    %set/v v0x1c414e0_0, 0, 3;
    %set/v v0x1c41360_0, 1, 1;
    %set/v v0x1c41460_0, 1, 1;
    %jmp T_1.23;
T_1.22 ;
    %set/v v0x1c411e0_0, 1, 1;
    %set/v v0x1c413e0_0, 1, 1;
    %set/v v0x1c41260_0, 0, 1;
    %set/v v0x1c41560_0, 0, 1;
    %set/v v0x1c415e0_0, 0, 1;
    %set/v v0x1c41130_0, 0, 1;
    %set/v v0x1c410b0_0, 0, 1;
    %set/v v0x1c412e0_0, 1, 1;
    %set/v v0x1c41660_0, 0, 1;
    %set/v v0x1c414e0_0, 0, 3;
    %set/v v0x1c41360_0, 1, 1;
    %set/v v0x1c41460_0, 1, 1;
T_1.23 ;
    %jmp T_1.19;
T_1.17 ;
    %set/v v0x1c411e0_0, 1, 1;
    %set/v v0x1c413e0_0, 1, 1;
    %set/v v0x1c41260_0, 0, 1;
    %set/v v0x1c41560_0, 0, 1;
    %set/v v0x1c415e0_0, 0, 1;
    %set/v v0x1c41130_0, 0, 1;
    %set/v v0x1c410b0_0, 0, 1;
    %set/v v0x1c412e0_0, 1, 1;
    %set/v v0x1c41660_0, 0, 1;
    %set/v v0x1c414e0_0, 0, 3;
    %set/v v0x1c41360_0, 1, 1;
    %set/v v0x1c41460_0, 1, 1;
    %jmp T_1.19;
T_1.18 ;
    %jmp T_1.19;
T_1.19 ;
    %jmp T_1.14;
T_1.14 ;
T_1.3 ;
    %jmp T_1;
    .thread T_1;
    .scope S_0x1c3e970;
T_2 ;
    %wait E_0x1bfcc70;
    %load/v 8, v0x1c3ecd0_0, 1;
    %jmp/0xz  T_2.0, 8;
    %ix/load 0, 10, 0;
    %assign/v0 v0x1c3ec00_0, 0, 0;
    %jmp T_2.1;
T_2.0 ;
    %load/v 8, v0x1c3eb80_0, 10;
    %ix/load 0, 10, 0;
    %assign/v0 v0x1c3ec00_0, 0, 8;
T_2.1 ;
    %jmp T_2;
    .thread T_2;
    .scope S_0x1c3e490;
T_3 ;
    %wait E_0x1bfcc70;
    %load/v 8, v0x1c3e7f0_0, 1;
    %jmp/0xz  T_3.0, 8;
    %ix/load 0, 10, 0;
    %assign/v0 v0x1c3e770_0, 0, 0;
    %jmp T_3.1;
T_3.0 ;
    %load/v 8, v0x1c3e8f0_0, 1;
    %jmp/0xz  T_3.2, 8;
    %load/v 8, v0x1c3e6f0_0, 10;
    %ix/load 0, 10, 0;
    %assign/v0 v0x1c3e770_0, 0, 8;
T_3.2 ;
T_3.1 ;
    %jmp T_3;
    .thread T_3;
    .scope S_0x1c3e0a0;
T_4 ;
    %vpi_call 6 11 "$readmemb", "progfile.dat", v0x1c3e360;
    %end;
    .thread T_4;
    .scope S_0x1c3c500;
T_5 ;
    %vpi_call 5 14 "$readmemb", "regfile.dat", v0x1c3da90;
    %end;
    .thread T_5;
    .scope S_0x1c3c500;
T_6 ;
    %wait E_0x1c3c5f0;
    %load/v 8, v0x1c3dc90_0, 1;
    %jmp/0xz  T_6.0, 8;
    %load/v 8, v0x1c3dc10_0, 8;
    %ix/getv 3, v0x1c3def0_0;
    %jmp/1 t_0, 4;
    %ix/load 0, 8, 0; word width
    %ix/load 1, 0, 0; part off
    %assign/av v0x1c3da90, 0, 8;
t_0 ;
T_6.0 ;
    %jmp T_6;
    .thread T_6, $push;
    .scope S_0x1c3bb80;
T_7 ;
    %wait E_0x1c3bc70;
    %load/v 8, v0x1c3c2d0_0, 3;
    %cmpi/u 8, 0, 3;
    %jmp/1 T_7.0, 6;
    %cmpi/u 8, 1, 3;
    %jmp/1 T_7.1, 6;
    %cmpi/u 8, 2, 3;
    %jmp/1 T_7.2, 6;
    %cmpi/u 8, 3, 3;
    %jmp/1 T_7.3, 6;
    %cmpi/u 8, 4, 3;
    %jmp/1 T_7.4, 6;
    %cmpi/u 8, 5, 3;
    %jmp/1 T_7.5, 6;
    %cmpi/u 8, 6, 3;
    %jmp/1 T_7.6, 6;
    %cmpi/u 8, 7, 3;
    %jmp/1 T_7.7, 6;
    %set/v v0x1c3c380_0, 2, 8;
    %jmp T_7.9;
T_7.0 ;
    %load/v 8, v0x1c3c180_0, 8;
    %set/v v0x1c3c380_0, 8, 8;
    %jmp T_7.9;
T_7.1 ;
    %load/v 8, v0x1c3c180_0, 8;
    %inv 8, 8;
    %set/v v0x1c3c380_0, 8, 8;
    %jmp T_7.9;
T_7.2 ;
    %load/v 8, v0x1c3c180_0, 8;
    %load/v 16, v0x1c3c220_0, 8;
    %add 8, 16, 8;
    %set/v v0x1c3c380_0, 8, 8;
    %jmp T_7.9;
T_7.3 ;
    %load/v 8, v0x1c3c180_0, 8;
    %load/v 16, v0x1c3c220_0, 8;
    %sub 8, 16, 8;
    %set/v v0x1c3c380_0, 8, 8;
    %jmp T_7.9;
T_7.4 ;
    %load/v 8, v0x1c3c180_0, 8;
    %load/v 16, v0x1c3c220_0, 8;
    %and 8, 16, 8;
    %set/v v0x1c3c380_0, 8, 8;
    %jmp T_7.9;
T_7.5 ;
    %load/v 8, v0x1c3c180_0, 8;
    %load/v 16, v0x1c3c220_0, 8;
    %or 8, 16, 8;
    %set/v v0x1c3c380_0, 8, 8;
    %jmp T_7.9;
T_7.6 ;
    %load/v 8, v0x1c3c180_0, 8;
    %inv 8, 8;
    %addi 8, 1, 8;
    %set/v v0x1c3c380_0, 8, 8;
    %jmp T_7.9;
T_7.7 ;
    %load/v 8, v0x1c3c220_0, 8;
    %inv 8, 8;
    %addi 8, 1, 8;
    %set/v v0x1c3c380_0, 8, 8;
    %jmp T_7.9;
T_7.9 ;
    %jmp T_7;
    .thread T_7, $push;
    .scope S_0x1c39420;
T_8 ;
    %set/v v0x1c3ae70_0, 0, 16;
    %end;
    .thread T_8;
    .scope S_0x1c39420;
T_9 ;
    %wait E_0x1c39590;
    %load/v 8, v0x1c3bd80_0, 1;
    %jmp/0xz  T_9.0, 8;
    %vpi_call 5 132 "$readmemb", "regfile.dat", v0x1c3ba60;
T_9.0 ;
    %load/v 8, v0x1c3adf0_0, 1;
    %jmp/0xz  T_9.2, 8;
    %load/v 8, v0x1c3be30_0, 1;
    %jmp/0xz  T_9.4, 8;
    %ix/getv 1, v0x1c3bae0_0;
    %jmp/1 T_9.9, 4;
    %load/x1p 8, v0x1c3ae70_0, 1;
    %jmp T_9.10;
T_9.9 ;
    %mov 8, 2, 1;
T_9.10 ;
; Save base=8 wid=1 in lookaside.
    %jmp/0  T_9.6, 8;
    %load/v 9, v0x1c3acd0_0, 8;
    %jmp/1  T_9.8, 8;
T_9.6 ; End of true expr.
    %ix/getv 3, v0x1c3bae0_0;
    %load/av 17, v0x1c3ba60, 8;
    %jmp/0  T_9.7, 8;
 ; End of false expr.
    %blend  9, 17, 8; Condition unknown.
    %jmp  T_9.8;
T_9.7 ;
    %mov 9, 17, 8; Return false value
T_9.8 ;
    %ix/getv 3, v0x1c3bae0_0;
   %jmp/1 t_1, 4;
   %ix/load 1, 0, 0;
   %set/av v0x1c3ba60, 9, 8;
t_1 ;
    %jmp T_9.5;
T_9.4 ;
    %ix/getv 3, v0x1c3bae0_0;
    %load/av 8, v0x1c3ba60, 8;
    %set/v v0x1c3abd0_0, 8, 8;
T_9.5 ;
T_9.2 ;
    %load/v 8, v0x1c3ae70_0, 1; Only need 1 of 16 bits
; Save base=8 wid=1 in lookaside.
    %inv 8, 1;
    %jmp/0  T_9.11, 8;
    %load/v 9, v0x1c3b020_0, 8;
    %jmp/1  T_9.13, 8;
T_9.11 ; End of true expr.
    %ix/load 3, 0, 0;
    %mov 4, 0, 1;
    %load/av 17, v0x1c3ba60, 8;
    %jmp/0  T_9.12, 8;
 ; End of false expr.
    %blend  9, 17, 8; Condition unknown.
    %jmp  T_9.13;
T_9.12 ;
    %mov 9, 17, 8; Return false value
T_9.13 ;
   %ix/load 1, 0, 0;
   %ix/load 3, 0, 0;
   %set/av v0x1c3ba60, 9, 8;
    %ix/load 1, 1, 0;
    %mov 4, 0, 1;
    %jmp/1 T_9.17, 4;
    %load/x1p 8, v0x1c3ae70_0, 1;
    %jmp T_9.18;
T_9.17 ;
    %mov 8, 2, 1;
T_9.18 ;
; Save base=8 wid=1 in lookaside.
    %inv 8, 1;
    %jmp/0  T_9.14, 8;
    %load/v 9, v0x1c3aef0_0, 8;
    %jmp/1  T_9.16, 8;
T_9.14 ; End of true expr.
    %ix/load 3, 1, 0;
    %mov 4, 0, 1;
    %load/av 17, v0x1c3ba60, 8;
    %jmp/0  T_9.15, 8;
 ; End of false expr.
    %blend  9, 17, 8; Condition unknown.
    %jmp  T_9.16;
T_9.15 ;
    %mov 9, 17, 8; Return false value
T_9.16 ;
   %ix/load 1, 0, 0;
   %ix/load 3, 1, 0;
   %set/av v0x1c3ba60, 9, 8;
    %ix/load 1, 2, 0;
    %mov 4, 0, 1;
    %jmp/1 T_9.22, 4;
    %load/x1p 8, v0x1c3ae70_0, 1;
    %jmp T_9.23;
T_9.22 ;
    %mov 8, 2, 1;
T_9.23 ;
; Save base=8 wid=1 in lookaside.
    %inv 8, 1;
    %jmp/0  T_9.19, 8;
    %load/v 9, v0x1c3b500_0, 8;
    %jmp/1  T_9.21, 8;
T_9.19 ; End of true expr.
    %ix/load 3, 2, 0;
    %mov 4, 0, 1;
    %load/av 17, v0x1c3ba60, 8;
    %jmp/0  T_9.20, 8;
 ; End of false expr.
    %blend  9, 17, 8; Condition unknown.
    %jmp  T_9.21;
T_9.20 ;
    %mov 9, 17, 8; Return false value
T_9.21 ;
   %ix/load 1, 0, 0;
   %ix/load 3, 2, 0;
   %set/av v0x1c3ba60, 9, 8;
    %ix/load 1, 3, 0;
    %mov 4, 0, 1;
    %jmp/1 T_9.27, 4;
    %load/x1p 8, v0x1c3ae70_0, 1;
    %jmp T_9.28;
T_9.27 ;
    %mov 8, 2, 1;
T_9.28 ;
; Save base=8 wid=1 in lookaside.
    %inv 8, 1;
    %jmp/0  T_9.24, 8;
    %load/v 9, v0x1c3b310_0, 8;
    %jmp/1  T_9.26, 8;
T_9.24 ; End of true expr.
    %ix/load 3, 3, 0;
    %mov 4, 0, 1;
    %load/av 17, v0x1c3ba60, 8;
    %jmp/0  T_9.25, 8;
 ; End of false expr.
    %blend  9, 17, 8; Condition unknown.
    %jmp  T_9.26;
T_9.25 ;
    %mov 9, 17, 8; Return false value
T_9.26 ;
   %ix/load 1, 0, 0;
   %ix/load 3, 3, 0;
   %set/av v0x1c3ba60, 9, 8;
    %ix/load 1, 4, 0;
    %mov 4, 0, 1;
    %jmp/1 T_9.32, 4;
    %load/x1p 8, v0x1c3ae70_0, 1;
    %jmp T_9.33;
T_9.32 ;
    %mov 8, 2, 1;
T_9.33 ;
; Save base=8 wid=1 in lookaside.
    %inv 8, 1;
    %jmp/0  T_9.29, 8;
    %load/v 9, v0x1c3b3b0_0, 8;
    %jmp/1  T_9.31, 8;
T_9.29 ; End of true expr.
    %ix/load 3, 4, 0;
    %mov 4, 0, 1;
    %load/av 17, v0x1c3ba60, 8;
    %jmp/0  T_9.30, 8;
 ; End of false expr.
    %blend  9, 17, 8; Condition unknown.
    %jmp  T_9.31;
T_9.30 ;
    %mov 9, 17, 8; Return false value
T_9.31 ;
   %ix/load 1, 0, 0;
   %ix/load 3, 4, 0;
   %set/av v0x1c3ba60, 9, 8;
    %ix/load 1, 5, 0;
    %mov 4, 0, 1;
    %jmp/1 T_9.37, 4;
    %load/x1p 8, v0x1c3ae70_0, 1;
    %jmp T_9.38;
T_9.37 ;
    %mov 8, 2, 1;
T_9.38 ;
; Save base=8 wid=1 in lookaside.
    %inv 8, 1;
    %jmp/0  T_9.34, 8;
    %load/v 9, v0x1c3b710_0, 8;
    %jmp/1  T_9.36, 8;
T_9.34 ; End of true expr.
    %ix/load 3, 5, 0;
    %mov 4, 0, 1;
    %load/av 17, v0x1c3ba60, 8;
    %jmp/0  T_9.35, 8;
 ; End of false expr.
    %blend  9, 17, 8; Condition unknown.
    %jmp  T_9.36;
T_9.35 ;
    %mov 9, 17, 8; Return false value
T_9.36 ;
   %ix/load 1, 0, 0;
   %ix/load 3, 5, 0;
   %set/av v0x1c3ba60, 9, 8;
    %ix/load 1, 6, 0;
    %mov 4, 0, 1;
    %jmp/1 T_9.42, 4;
    %load/x1p 8, v0x1c3ae70_0, 1;
    %jmp T_9.43;
T_9.42 ;
    %mov 8, 2, 1;
T_9.43 ;
; Save base=8 wid=1 in lookaside.
    %inv 8, 1;
    %jmp/0  T_9.39, 8;
    %load/v 9, v0x1c3b7b0_0, 8;
    %jmp/1  T_9.41, 8;
T_9.39 ; End of true expr.
    %ix/load 3, 6, 0;
    %mov 4, 0, 1;
    %load/av 17, v0x1c3ba60, 8;
    %jmp/0  T_9.40, 8;
 ; End of false expr.
    %blend  9, 17, 8; Condition unknown.
    %jmp  T_9.41;
T_9.40 ;
    %mov 9, 17, 8; Return false value
T_9.41 ;
   %ix/load 1, 0, 0;
   %ix/load 3, 6, 0;
   %set/av v0x1c3ba60, 9, 8;
    %ix/load 1, 7, 0;
    %mov 4, 0, 1;
    %jmp/1 T_9.47, 4;
    %load/x1p 8, v0x1c3ae70_0, 1;
    %jmp T_9.48;
T_9.47 ;
    %mov 8, 2, 1;
T_9.48 ;
; Save base=8 wid=1 in lookaside.
    %inv 8, 1;
    %jmp/0  T_9.44, 8;
    %load/v 9, v0x1c3b5a0_0, 8;
    %jmp/1  T_9.46, 8;
T_9.44 ; End of true expr.
    %ix/load 3, 7, 0;
    %mov 4, 0, 1;
    %load/av 17, v0x1c3ba60, 8;
    %jmp/0  T_9.45, 8;
 ; End of false expr.
    %blend  9, 17, 8; Condition unknown.
    %jmp  T_9.46;
T_9.45 ;
    %mov 9, 17, 8; Return false value
T_9.46 ;
   %ix/load 1, 0, 0;
   %ix/load 3, 7, 0;
   %set/av v0x1c3ba60, 9, 8;
    %ix/load 1, 8, 0;
    %mov 4, 0, 1;
    %jmp/1 T_9.52, 4;
    %load/x1p 8, v0x1c3ae70_0, 1;
    %jmp T_9.53;
T_9.52 ;
    %mov 8, 2, 1;
T_9.53 ;
; Save base=8 wid=1 in lookaside.
    %inv 8, 1;
    %jmp/0  T_9.49, 8;
    %load/v 9, v0x1c3b640_0, 8;
    %jmp/1  T_9.51, 8;
T_9.49 ; End of true expr.
    %ix/load 3, 8, 0;
    %mov 4, 0, 1;
    %load/av 17, v0x1c3ba60, 8;
    %jmp/0  T_9.50, 8;
 ; End of false expr.
    %blend  9, 17, 8; Condition unknown.
    %jmp  T_9.51;
T_9.50 ;
    %mov 9, 17, 8; Return false value
T_9.51 ;
   %ix/load 1, 0, 0;
   %ix/load 3, 8, 0;
   %set/av v0x1c3ba60, 9, 8;
    %ix/load 1, 9, 0;
    %mov 4, 0, 1;
    %jmp/1 T_9.57, 4;
    %load/x1p 8, v0x1c3ae70_0, 1;
    %jmp T_9.58;
T_9.57 ;
    %mov 8, 2, 1;
T_9.58 ;
; Save base=8 wid=1 in lookaside.
    %inv 8, 1;
    %jmp/0  T_9.54, 8;
    %load/v 9, v0x1c3b9e0_0, 8;
    %jmp/1  T_9.56, 8;
T_9.54 ; End of true expr.
    %ix/load 3, 9, 0;
    %mov 4, 0, 1;
    %load/av 17, v0x1c3ba60, 8;
    %jmp/0  T_9.55, 8;
 ; End of false expr.
    %blend  9, 17, 8; Condition unknown.
    %jmp  T_9.56;
T_9.55 ;
    %mov 9, 17, 8; Return false value
T_9.56 ;
   %ix/load 1, 0, 0;
   %ix/load 3, 9, 0;
   %set/av v0x1c3ba60, 9, 8;
    %ix/load 1, 10, 0;
    %mov 4, 0, 1;
    %jmp/1 T_9.62, 4;
    %load/x1p 8, v0x1c3ae70_0, 1;
    %jmp T_9.63;
T_9.62 ;
    %mov 8, 2, 1;
T_9.63 ;
; Save base=8 wid=1 in lookaside.
    %inv 8, 1;
    %jmp/0  T_9.59, 8;
    %load/v 9, v0x1c3af90_0, 8;
    %jmp/1  T_9.61, 8;
T_9.59 ; End of true expr.
    %ix/load 3, 10, 0;
    %mov 4, 0, 1;
    %load/av 17, v0x1c3ba60, 8;
    %jmp/0  T_9.60, 8;
 ; End of false expr.
    %blend  9, 17, 8; Condition unknown.
    %jmp  T_9.61;
T_9.60 ;
    %mov 9, 17, 8; Return false value
T_9.61 ;
   %ix/load 1, 0, 0;
   %ix/load 3, 10, 0;
   %set/av v0x1c3ba60, 9, 8;
    %ix/load 1, 11, 0;
    %mov 4, 0, 1;
    %jmp/1 T_9.67, 4;
    %load/x1p 8, v0x1c3ae70_0, 1;
    %jmp T_9.68;
T_9.67 ;
    %mov 8, 2, 1;
T_9.68 ;
; Save base=8 wid=1 in lookaside.
    %inv 8, 1;
    %jmp/0  T_9.64, 8;
    %load/v 9, v0x1c3b1f0_0, 8;
    %jmp/1  T_9.66, 8;
T_9.64 ; End of true expr.
    %ix/load 3, 11, 0;
    %mov 4, 0, 1;
    %load/av 17, v0x1c3ba60, 8;
    %jmp/0  T_9.65, 8;
 ; End of false expr.
    %blend  9, 17, 8; Condition unknown.
    %jmp  T_9.66;
T_9.65 ;
    %mov 9, 17, 8; Return false value
T_9.66 ;
   %ix/load 1, 0, 0;
   %ix/load 3, 11, 0;
   %set/av v0x1c3ba60, 9, 8;
    %ix/load 1, 12, 0;
    %mov 4, 0, 1;
    %jmp/1 T_9.72, 4;
    %load/x1p 8, v0x1c3ae70_0, 1;
    %jmp T_9.73;
T_9.72 ;
    %mov 8, 2, 1;
T_9.73 ;
; Save base=8 wid=1 in lookaside.
    %inv 8, 1;
    %jmp/0  T_9.69, 8;
    %load/v 9, v0x1c3b270_0, 8;
    %jmp/1  T_9.71, 8;
T_9.69 ; End of true expr.
    %ix/load 3, 12, 0;
    %mov 4, 0, 1;
    %load/av 17, v0x1c3ba60, 8;
    %jmp/0  T_9.70, 8;
 ; End of false expr.
    %blend  9, 17, 8; Condition unknown.
    %jmp  T_9.71;
T_9.70 ;
    %mov 9, 17, 8; Return false value
T_9.71 ;
   %ix/load 1, 0, 0;
   %ix/load 3, 12, 0;
   %set/av v0x1c3ba60, 9, 8;
    %ix/load 1, 13, 0;
    %mov 4, 0, 1;
    %jmp/1 T_9.77, 4;
    %load/x1p 8, v0x1c3ae70_0, 1;
    %jmp T_9.78;
T_9.77 ;
    %mov 8, 2, 1;
T_9.78 ;
; Save base=8 wid=1 in lookaside.
    %inv 8, 1;
    %jmp/0  T_9.74, 8;
    %load/v 9, v0x1c3b0a0_0, 8;
    %jmp/1  T_9.76, 8;
T_9.74 ; End of true expr.
    %ix/load 3, 13, 0;
    %mov 4, 0, 1;
    %load/av 17, v0x1c3ba60, 8;
    %jmp/0  T_9.75, 8;
 ; End of false expr.
    %blend  9, 17, 8; Condition unknown.
    %jmp  T_9.76;
T_9.75 ;
    %mov 9, 17, 8; Return false value
T_9.76 ;
   %ix/load 1, 0, 0;
   %ix/load 3, 13, 0;
   %set/av v0x1c3ba60, 9, 8;
    %ix/load 1, 14, 0;
    %mov 4, 0, 1;
    %jmp/1 T_9.82, 4;
    %load/x1p 8, v0x1c3ae70_0, 1;
    %jmp T_9.83;
T_9.82 ;
    %mov 8, 2, 1;
T_9.83 ;
; Save base=8 wid=1 in lookaside.
    %inv 8, 1;
    %jmp/0  T_9.79, 8;
    %load/v 9, v0x1c3b140_0, 8;
    %jmp/1  T_9.81, 8;
T_9.79 ; End of true expr.
    %ix/load 3, 14, 0;
    %mov 4, 0, 1;
    %load/av 17, v0x1c3ba60, 8;
    %jmp/0  T_9.80, 8;
 ; End of false expr.
    %blend  9, 17, 8; Condition unknown.
    %jmp  T_9.81;
T_9.80 ;
    %mov 9, 17, 8; Return false value
T_9.81 ;
   %ix/load 1, 0, 0;
   %ix/load 3, 14, 0;
   %set/av v0x1c3ba60, 9, 8;
    %ix/load 1, 15, 0;
    %mov 4, 0, 1;
    %jmp/1 T_9.87, 4;
    %load/x1p 8, v0x1c3ae70_0, 1;
    %jmp T_9.88;
T_9.87 ;
    %mov 8, 2, 1;
T_9.88 ;
; Save base=8 wid=1 in lookaside.
    %inv 8, 1;
    %jmp/0  T_9.84, 8;
    %load/v 9, v0x1c3b460_0, 8;
    %jmp/1  T_9.86, 8;
T_9.84 ; End of true expr.
    %ix/load 3, 15, 0;
    %mov 4, 0, 1;
    %load/av 17, v0x1c3ba60, 8;
    %jmp/0  T_9.85, 8;
 ; End of false expr.
    %blend  9, 17, 8; Condition unknown.
    %jmp  T_9.86;
T_9.85 ;
    %mov 9, 17, 8; Return false value
T_9.86 ;
   %ix/load 1, 0, 0;
   %ix/load 3, 15, 0;
   %set/av v0x1c3ba60, 9, 8;
    %jmp T_9;
    .thread T_9;
    .scope S_0x1c37280;
T_10 ;
    %movi 8, 27, 8;
    %set/v v0x1c402f0_0, 8, 8;
    %end;
    .thread T_10;
    .scope S_0x1c1ae20;
T_11 ;
    %wait E_0x1bfcc70;
    %load/v 8, v0x1c371e0_0, 1;
    %jmp/0xz  T_11.0, 8;
    %ix/load 0, 1, 0;
    %assign/v0 v0x1c37130_0, 1000, 0;
    %jmp T_11.1;
T_11.0 ;
    %load/v 8, v0x1bba2c0_0, 1;
    %jmp/0xz  T_11.2, 8;
    %load/v 8, v0x1c37090_0, 1;
    %ix/load 0, 1, 0;
    %assign/v0 v0x1c37130_0, 1000, 8;
T_11.2 ;
T_11.1 ;
    %jmp T_11;
    .thread T_11;
    .scope S_0x1bc7a60;
T_12 ;
    %delay 60000, 0;
    %load/v 8, v0x1c420f0_0, 1;
    %inv 8, 1;
    %set/v v0x1c420f0_0, 8, 1;
    %jmp T_12;
    .thread T_12;
    .scope S_0x1bc7a60;
T_13 ;
    %set/v v0x1c420f0_0, 0, 1;
    %vpi_call 2 32 "$dumpfile", "procesador.vcd";
    %vpi_call 2 33 "$dumpvars";
    %set/v v0x1c425a0_0, 1, 1;
    %delay 60000, 0;
    %set/v v0x1c425a0_0, 0, 1;
    %movi 8, 42, 8;
    %set/v v0x1c42520_0, 8, 8;
    %delay 6000000, 0;
    %vpi_call 2 39 "$finish";
    %end;
    .thread T_13;
# The file index is used to find the file name in the following table.
:file_names 8;
    "N/A";
    "<interactive>";
    "proc.v";
    "./uc.v";
    "./microc.v";
    "./componentes.v";
    "./memprog.v";
    "./alu.v";
