#! /usr/bin/vvp
:ivl_version "0.9.6 " "(v0_9_6)";
:vpi_time_precision - 12;
:vpi_module "system";
:vpi_module "v2005_math";
:vpi_module "va_math";
S_0x1bb33a0 .scope module, "cuenta1_tb" "cuenta1_tb" 2 3;
 .timescale -9 -12;
v0x1be6990_0 .net "Cuenta", 3 0, L_0x1be3060; 1 drivers
v0x1be6a10_0 .var "Valor", 2 0;
v0x1be6ae0_0 .var "clk", 0 0;
v0x1be6b60_0 .net "fin", 0 0, L_0x1bee760; 1 drivers
v0x1be6be0_0 .var "start", 0 0;
S_0x1bbff70 .scope module, "test_cuenta1" "cuenta1" 2 10, 3 5, S_0x1bb33a0;
 .timescale -9 -12;
RS_0x7f9aacc7da38 .resolv tri, L_0x1bed740, L_0x1bedaa0, L_0x1bedbe0, L_0x1bedd20;
L_0x1be3060 .functor BUFZ 4, RS_0x7f9aacc7da38, C4<0000>, C4<0000>, C4<0000>;
v0x1be61c0_0 .net "CargaA", 0 0, L_0x1bee660; 1 drivers
v0x1be6240_0 .net "CargaQ", 0 0, L_0x1bedf00; 1 drivers
v0x1bdb180_0 .alias "Cuenta", 3 0, v0x1be6990_0;
v0x1be63d0_0 .net "DesplazaQ", 0 0, L_0x1bee170; 1 drivers
RS_0x7f9aacc7da08 .resolv tri, L_0x1beb3c0, L_0x1bebc30, L_0x1bec660, L_0x1bed020;
v0x1be6450_0 .net8 "EntA", 3 0, RS_0x7f9aacc7da08; 4 drivers
v0x1be6520_0 .net "ResetA", 0 0, L_0x1bee1d0; 1 drivers
v0x1be65a0_0 .net8 "SalA", 3 0, RS_0x7f9aacc7da38; 4 drivers
RS_0x7f9aacc7d528 .resolv tri, L_0x1beee70, L_0x1bef480, L_0x1befa60, C4<zzz>;
v0x1be6670_0 .net8 "SalQ", 2 0, RS_0x7f9aacc7d528; 3 drivers
v0x1be6740_0 .net "Valor", 2 0, v0x1be6a10_0; 1 drivers
v0x1be67c0_0 .net "clk", 0 0, v0x1be6ae0_0; 1 drivers
v0x1be6840_0 .alias "fin", 0 0, v0x1be6b60_0;
v0x1be68c0_0 .net "start", 0 0, v0x1be6be0_0; 1 drivers
L_0x1bee890 .part RS_0x7f9aacc7d528, 0, 1;
S_0x1bdef20 .scope module, "sum" "sum4" 3 13, 4 2, S_0x1bbff70;
 .timescale -9 -12;
v0x1be5230_0 .alias "A", 3 0, v0x1be65a0_0;
v0x1be52d0_0 .net "B", 3 0, C4<0001>; 1 drivers
RS_0x7f9aacc7e1e8 .resolv tri, L_0x1be6cb0, L_0x1be7150, L_0x1be7b40, L_0x1be8dd0;
v0x1be5350_0 .net8 "C", 4 1, RS_0x7f9aacc7e1e8; 4 drivers
v0x1be56e0_0 .alias "S", 3 0, v0x1be6450_0;
v0x1be5760_0 .net "c1", 0 0, L_0x1beb130; 1 drivers
v0x1be5810_0 .net "c2", 0 0, L_0x1beb9a0; 1 drivers
v0x1be5890_0 .net "c3", 0 0, L_0x1bec3d0; 1 drivers
v0x1be5940_0 .net "c4", 0 0, L_0x1becd10; 1 drivers
v0x1be5a40_0 .net "c_in", 0 0, C4<0>; 1 drivers
v0x1be5ac0_0 .net "c_out", 0 0, L_0x1bed560; 1 drivers
v0x1be5b40_0 .net "g0", 0 0, L_0x1beb360; 1 drivers
v0x1be5bf0_0 .net "g1", 0 0, L_0x1bebbd0; 1 drivers
v0x1be5ca0_0 .net "g2", 0 0, L_0x1bec600; 1 drivers
v0x1be5d50_0 .net "g3", 0 0, L_0x1becfa0; 1 drivers
v0x1be5e80_0 .net "p0", 0 0, L_0x1beb1e0; 1 drivers
v0x1be5f30_0 .net "p1", 0 0, L_0x1beba50; 1 drivers
v0x1be5dd0_0 .net "p2", 0 0, L_0x1bec480; 1 drivers
v0x1be60a0_0 .net "p3", 0 0, L_0x1bece00; 1 drivers
L_0x1bea750 .concat [ 1 1 1 1], L_0x1beb360, L_0x1bebbd0, L_0x1bec600, L_0x1becfa0;
L_0x1beab80 .concat [ 1 1 1 1], L_0x1beb1e0, L_0x1beba50, L_0x1bec480, L_0x1bece00;
L_0x1beb3c0 .part/pv L_0x1beaf10, 0, 1, 4;
L_0x1beb460 .part RS_0x7f9aacc7da38, 0, 1;
L_0x1beb590 .part C4<0001>, 0, 1;
L_0x1bebc30 .part/pv L_0x1beb730, 1, 1, 4;
L_0x1bebd60 .part RS_0x7f9aacc7da38, 1, 1;
L_0x1bebe00 .part C4<0001>, 1, 1;
L_0x1bebea0 .part RS_0x7f9aacc7e1e8, 0, 1;
L_0x1bec660 .part/pv L_0x1bec160, 2, 1, 4;
L_0x1bec760 .part RS_0x7f9aacc7da38, 2, 1;
L_0x1bec800 .part C4<0001>, 2, 1;
L_0x1bec8a0 .part RS_0x7f9aacc7e1e8, 1, 1;
L_0x1bed020 .part/pv L_0x1becab0, 3, 1, 4;
L_0x1bed0c0 .part RS_0x7f9aacc7da38, 3, 1;
L_0x1bed160 .part C4<0001>, 3, 1;
L_0x1bed320 .part RS_0x7f9aacc7e1e8, 2, 1;
L_0x1bed560 .part RS_0x7f9aacc7e1e8, 3, 1;
S_0x1be29a0 .scope module, "cla" "cla_4" 4 6, 4 34, S_0x1bdef20;
 .timescale -9 -12;
L_0x1be6ee0 .functor AND 1, L_0x1be6e40, C4<0>, C4<1>, C4<1>;
L_0x1be7050 .functor OR 1, L_0x1be6da0, L_0x1be6ee0, C4<0>, C4<0>;
L_0x1be7470 .functor AND 1, L_0x1be72e0, L_0x1be73d0, C4<1>, C4<1>;
L_0x1be7570 .functor OR 1, L_0x1be71f0, L_0x1be7470, C4<0>, C4<0>;
L_0x1be7890 .functor AND 1, L_0x1be7670, L_0x1be7760, C4<1>, C4<1>;
L_0x1be7940 .functor AND 1, L_0x1be7890, C4<0>, C4<1>, C4<1>;
L_0x1be79f0 .functor OR 1, L_0x1be7570, L_0x1be7940, C4<0>, C4<0>;
L_0x1be7c70 .functor AND 1, L_0x1be7e00, L_0x1be7f10, C4<1>, C4<1>;
L_0x1be7fb0 .functor OR 1, L_0x1be7cd0, L_0x1be7c70, C4<0>, C4<0>;
L_0x1be8270 .functor AND 1, L_0x1be80b0, L_0x1be81d0, C4<1>, C4<1>;
L_0x1be8500 .functor AND 1, L_0x1be8270, L_0x1be83d0, C4<1>, C4<1>;
L_0x1be85b0 .functor OR 1, L_0x1be7fb0, L_0x1be8500, C4<0>, C4<0>;
L_0x1be8370 .functor AND 1, L_0x1be86b0, L_0x1be8860, C4<1>, C4<1>;
L_0x1be8a40 .functor AND 1, L_0x1be8370, L_0x1be89a0, C4<1>, C4<1>;
L_0x1be8b40 .functor AND 1, L_0x1be8a40, C4<0>, C4<1>, C4<1>;
L_0x1be8bf0 .functor OR 1, L_0x1be85b0, L_0x1be8b40, C4<0>, C4<0>;
L_0x1be7d70 .functor AND 1, L_0x1be8f20, L_0x1be8e70, C4<1>, C4<1>;
L_0x1be9230 .functor OR 1, L_0x1be8900, L_0x1be7d70, C4<0>, C4<0>;
L_0x1be8d40 .functor AND 1, L_0x1be93d0, L_0x1be8fc0, C4<1>, C4<1>;
L_0x1be9470 .functor AND 1, L_0x1be8d40, L_0x1be95e0, C4<1>, C4<1>;
L_0x1be9330 .functor OR 1, L_0x1be9230, L_0x1be9470, C4<0>, C4<0>;
L_0x1be9680 .functor AND 1, L_0x1be9900, L_0x1be99a0, C4<1>, C4<1>;
L_0x1be8750 .functor AND 1, L_0x1be9680, L_0x1be97b0, C4<1>, C4<1>;
L_0x1be9a40 .functor AND 1, L_0x1be8750, L_0x1be9e50, C4<1>, C4<1>;
L_0x1be9b80 .functor OR 1, L_0x1be9330, L_0x1be9a40, C4<0>, C4<0>;
L_0x1be9ef0 .functor AND 1, L_0x1bea160, L_0x1bea200, C4<1>, C4<1>;
L_0x1bea490 .functor AND 1, L_0x1be9ef0, L_0x1bea040, C4<1>, C4<1>;
L_0x1bea2a0 .functor AND 1, L_0x1bea490, L_0x1bea590, C4<1>, C4<1>;
L_0x1bea3b0 .functor AND 1, L_0x1bea2a0, C4<0>, C4<1>, C4<1>;
L_0x1bea840 .functor OR 1, L_0x1be9b80, L_0x1bea3b0, C4<0>, C4<0>;
v0x1be2a90_0 .alias "C", 4 1, v0x1be5350_0;
v0x1be2b10_0 .net "G", 3 0, L_0x1bea750; 1 drivers
v0x1be2b90_0 .net "P", 3 0, L_0x1beab80; 1 drivers
v0x1be2c10_0 .net *"_s101", 0 0, L_0x1be97b0; 1 drivers
v0x1be2c90_0 .net *"_s102", 0 0, L_0x1be8750; 1 drivers
v0x1be2d10_0 .net *"_s105", 0 0, L_0x1be9e50; 1 drivers
v0x1be2db0_0 .net *"_s106", 0 0, L_0x1be9a40; 1 drivers
v0x1be2e50_0 .net *"_s108", 0 0, L_0x1be9b80; 1 drivers
v0x1be2f40_0 .net *"_s111", 0 0, L_0x1bea160; 1 drivers
v0x1be2fe0_0 .net *"_s113", 0 0, L_0x1bea200; 1 drivers
v0x1be30e0_0 .net *"_s114", 0 0, L_0x1be9ef0; 1 drivers
v0x1be3180_0 .net *"_s117", 0 0, L_0x1bea040; 1 drivers
v0x1be3220_0 .net *"_s118", 0 0, L_0x1bea490; 1 drivers
v0x1be32c0_0 .net *"_s121", 0 0, L_0x1bea590; 1 drivers
v0x1be33e0_0 .net *"_s122", 0 0, L_0x1bea2a0; 1 drivers
v0x1be3480_0 .net *"_s124", 0 0, L_0x1bea3b0; 1 drivers
v0x1be3340_0 .net *"_s126", 0 0, L_0x1bea840; 1 drivers
v0x1be35d0_0 .net *"_s13", 0 0, L_0x1be71f0; 1 drivers
v0x1be36f0_0 .net *"_s15", 0 0, L_0x1be72e0; 1 drivers
v0x1be3770_0 .net *"_s17", 0 0, L_0x1be73d0; 1 drivers
v0x1be3650_0 .net *"_s18", 0 0, L_0x1be7470; 1 drivers
v0x1be38a0_0 .net *"_s20", 0 0, L_0x1be7570; 1 drivers
v0x1be37f0_0 .net *"_s23", 0 0, L_0x1be7670; 1 drivers
v0x1be39e0_0 .net *"_s25", 0 0, L_0x1be7760; 1 drivers
v0x1be3940_0 .net *"_s26", 0 0, L_0x1be7890; 1 drivers
v0x1be3b30_0 .net *"_s28", 0 0, L_0x1be7940; 1 drivers
v0x1be3a80_0 .net *"_s3", 0 0, L_0x1be6da0; 1 drivers
v0x1be3c90_0 .net *"_s30", 0 0, L_0x1be79f0; 1 drivers
v0x1be3bd0_0 .net *"_s35", 0 0, L_0x1be7cd0; 1 drivers
v0x1be3e00_0 .net *"_s37", 0 0, L_0x1be7e00; 1 drivers
v0x1be3d10_0 .net *"_s39", 0 0, L_0x1be7f10; 1 drivers
v0x1be3f80_0 .net *"_s40", 0 0, L_0x1be7c70; 1 drivers
v0x1be3e80_0 .net *"_s42", 0 0, L_0x1be7fb0; 1 drivers
v0x1be4110_0 .net *"_s45", 0 0, L_0x1be80b0; 1 drivers
v0x1be4000_0 .net *"_s47", 0 0, L_0x1be81d0; 1 drivers
v0x1be42b0_0 .net *"_s48", 0 0, L_0x1be8270; 1 drivers
v0x1be4190_0 .net *"_s5", 0 0, L_0x1be6e40; 1 drivers
v0x1be4230_0 .net *"_s51", 0 0, L_0x1be83d0; 1 drivers
v0x1be4470_0 .net *"_s52", 0 0, L_0x1be8500; 1 drivers
v0x1be44f0_0 .net *"_s54", 0 0, L_0x1be85b0; 1 drivers
v0x1be4330_0 .net *"_s57", 0 0, L_0x1be86b0; 1 drivers
v0x1be43d0_0 .net *"_s59", 0 0, L_0x1be8860; 1 drivers
v0x1be46d0_0 .net *"_s6", 0 0, L_0x1be6ee0; 1 drivers
v0x1be4750_0 .net *"_s60", 0 0, L_0x1be8370; 1 drivers
v0x1be4570_0 .net *"_s63", 0 0, L_0x1be89a0; 1 drivers
v0x1be4610_0 .net *"_s64", 0 0, L_0x1be8a40; 1 drivers
v0x1be4950_0 .net *"_s66", 0 0, L_0x1be8b40; 1 drivers
v0x1be49d0_0 .net *"_s68", 0 0, L_0x1be8bf0; 1 drivers
v0x1be47f0_0 .net *"_s73", 0 0, L_0x1be8900; 1 drivers
v0x1be4890_0 .net *"_s75", 0 0, L_0x1be8f20; 1 drivers
v0x1be4bf0_0 .net *"_s77", 0 0, L_0x1be8e70; 1 drivers
v0x1be4c70_0 .net *"_s78", 0 0, L_0x1be7d70; 1 drivers
v0x1be4a70_0 .net *"_s8", 0 0, L_0x1be7050; 1 drivers
v0x1be4b10_0 .net *"_s80", 0 0, L_0x1be9230; 1 drivers
v0x1be4eb0_0 .net *"_s83", 0 0, L_0x1be93d0; 1 drivers
v0x1be4f30_0 .net *"_s85", 0 0, L_0x1be8fc0; 1 drivers
v0x1be4cf0_0 .net *"_s86", 0 0, L_0x1be8d40; 1 drivers
v0x1be4d90_0 .net *"_s89", 0 0, L_0x1be95e0; 1 drivers
v0x1be4e30_0 .net *"_s90", 0 0, L_0x1be9470; 1 drivers
v0x1be51b0_0 .net *"_s92", 0 0, L_0x1be9330; 1 drivers
v0x1be4fd0_0 .net *"_s95", 0 0, L_0x1be9900; 1 drivers
v0x1be5070_0 .net *"_s97", 0 0, L_0x1be99a0; 1 drivers
v0x1be5110_0 .net *"_s98", 0 0, L_0x1be9680; 1 drivers
v0x1be5450_0 .alias "c_in", 0 0, v0x1be5a40_0;
L_0x1be6cb0 .part/pv L_0x1be7050, 0, 1, 4;
L_0x1be6da0 .part L_0x1bea750, 0, 1;
L_0x1be6e40 .part L_0x1beab80, 0, 1;
L_0x1be7150 .part/pv L_0x1be79f0, 1, 1, 4;
L_0x1be71f0 .part L_0x1bea750, 1, 1;
L_0x1be72e0 .part L_0x1beab80, 1, 1;
L_0x1be73d0 .part L_0x1bea750, 0, 1;
L_0x1be7670 .part L_0x1beab80, 1, 1;
L_0x1be7760 .part L_0x1beab80, 0, 1;
L_0x1be7b40 .part/pv L_0x1be8bf0, 2, 1, 4;
L_0x1be7cd0 .part L_0x1bea750, 2, 1;
L_0x1be7e00 .part L_0x1beab80, 2, 1;
L_0x1be7f10 .part L_0x1bea750, 1, 1;
L_0x1be80b0 .part L_0x1beab80, 2, 1;
L_0x1be81d0 .part L_0x1beab80, 1, 1;
L_0x1be83d0 .part L_0x1bea750, 0, 1;
L_0x1be86b0 .part L_0x1beab80, 2, 1;
L_0x1be8860 .part L_0x1beab80, 1, 1;
L_0x1be89a0 .part L_0x1beab80, 0, 1;
L_0x1be8dd0 .part/pv L_0x1bea840, 3, 1, 4;
L_0x1be8900 .part L_0x1bea750, 3, 1;
L_0x1be8f20 .part L_0x1beab80, 3, 1;
L_0x1be8e70 .part L_0x1bea750, 2, 1;
L_0x1be93d0 .part L_0x1beab80, 3, 1;
L_0x1be8fc0 .part L_0x1beab80, 2, 1;
L_0x1be95e0 .part L_0x1bea750, 1, 1;
L_0x1be9900 .part L_0x1beab80, 3, 1;
L_0x1be99a0 .part L_0x1beab80, 2, 1;
L_0x1be97b0 .part L_0x1beab80, 1, 1;
L_0x1be9e50 .part L_0x1bea750, 0, 1;
L_0x1bea160 .part L_0x1beab80, 3, 1;
L_0x1bea200 .part L_0x1beab80, 2, 1;
L_0x1bea040 .part L_0x1beab80, 1, 1;
L_0x1bea590 .part L_0x1beab80, 0, 1;
S_0x1be1b40 .scope module, "fa0" "fa_v3" 4 7, 4 15, S_0x1bdef20;
 .timescale -9 -12;
L_0x1beb130 .functor OR 1, L_0x1beae60, L_0x1beb0d0, C4<0>, C4<0>;
L_0x1beb1e0 .functor OR 1, L_0x1beb460, L_0x1beb590, C4<0>, C4<0>;
L_0x1beb360 .functor AND 1, L_0x1beb460, L_0x1beb590, C4<1>, C4<1>;
v0x1be22d0_0 .net "a", 0 0, L_0x1beb460; 1 drivers
v0x1be2380_0 .net "b", 0 0, L_0x1beb590; 1 drivers
v0x1be2430_0 .alias "c_in", 0 0, v0x1be5a40_0;
v0x1be24e0_0 .alias "c_out", 0 0, v0x1be5760_0;
v0x1be2590_0 .net "carry1", 0 0, L_0x1beae60; 1 drivers
v0x1be2640_0 .net "carry2", 0 0, L_0x1beb0d0; 1 drivers
v0x1be26c0_0 .alias "g", 0 0, v0x1be5b40_0;
v0x1be2740_0 .alias "p", 0 0, v0x1be5e80_0;
v0x1be2810_0 .net "sum", 0 0, L_0x1beaf10; 1 drivers
v0x1be28c0_0 .net "sum_par", 0 0, L_0x1bead60; 1 drivers
S_0x1be1f20 .scope module, "ha1" "ha_vr" 4 19, 4 27, S_0x1be1b40;
 .timescale -9 -12;
L_0x1bead60/d .functor XOR 1, L_0x1beb460, L_0x1beb590, C4<0>, C4<0>;
L_0x1bead60 .delay (1000,1000,1000) L_0x1bead60/d;
L_0x1beae60/d .functor AND 1, L_0x1beb460, L_0x1beb590, C4<1>, C4<1>;
L_0x1beae60 .delay (1000,1000,1000) L_0x1beae60/d;
v0x1be2010_0 .alias "a", 0 0, v0x1be22d0_0;
v0x1be20b0_0 .alias "b", 0 0, v0x1be2380_0;
v0x1be2150_0 .alias "carry", 0 0, v0x1be2590_0;
v0x1be21f0_0 .alias "sum", 0 0, v0x1be28c0_0;
S_0x1be1c30 .scope module, "ha2" "ha_vr" 4 20, 4 27, S_0x1be1b40;
 .timescale -9 -12;
L_0x1beaf10/d .functor XOR 1, C4<0>, L_0x1bead60, C4<0>, C4<0>;
L_0x1beaf10 .delay (1000,1000,1000) L_0x1beaf10/d;
L_0x1beb0d0/d .functor AND 1, C4<0>, L_0x1bead60, C4<1>, C4<1>;
L_0x1beb0d0 .delay (1000,1000,1000) L_0x1beb0d0/d;
v0x1be1d20_0 .alias "a", 0 0, v0x1be5a40_0;
v0x1be1da0_0 .alias "b", 0 0, v0x1be28c0_0;
v0x1be1e20_0 .alias "carry", 0 0, v0x1be2640_0;
v0x1be1ea0_0 .alias "sum", 0 0, v0x1be2810_0;
S_0x1be0ce0 .scope module, "fa1" "fa_v3" 4 8, 4 15, S_0x1bdef20;
 .timescale -9 -12;
L_0x1beb9a0 .functor OR 1, L_0x1beb690, L_0x1beb900, C4<0>, C4<0>;
L_0x1beba50 .functor OR 1, L_0x1bebd60, L_0x1bebe00, C4<0>, C4<0>;
L_0x1bebbd0 .functor AND 1, L_0x1bebd60, L_0x1bebe00, C4<1>, C4<1>;
v0x1be1470_0 .net "a", 0 0, L_0x1bebd60; 1 drivers
v0x1be1520_0 .net "b", 0 0, L_0x1bebe00; 1 drivers
v0x1be15d0_0 .net "c_in", 0 0, L_0x1bebea0; 1 drivers
v0x1be1680_0 .alias "c_out", 0 0, v0x1be5810_0;
v0x1be1730_0 .net "carry1", 0 0, L_0x1beb690; 1 drivers
v0x1be17e0_0 .net "carry2", 0 0, L_0x1beb900; 1 drivers
v0x1be1860_0 .alias "g", 0 0, v0x1be5bf0_0;
v0x1be18e0_0 .alias "p", 0 0, v0x1be5f30_0;
v0x1be19b0_0 .net "sum", 0 0, L_0x1beb730; 1 drivers
v0x1be1a60_0 .net "sum_par", 0 0, L_0x1beb630; 1 drivers
S_0x1be10c0 .scope module, "ha1" "ha_vr" 4 19, 4 27, S_0x1be0ce0;
 .timescale -9 -12;
L_0x1beb630/d .functor XOR 1, L_0x1bebd60, L_0x1bebe00, C4<0>, C4<0>;
L_0x1beb630 .delay (1000,1000,1000) L_0x1beb630/d;
L_0x1beb690/d .functor AND 1, L_0x1bebd60, L_0x1bebe00, C4<1>, C4<1>;
L_0x1beb690 .delay (1000,1000,1000) L_0x1beb690/d;
v0x1be11b0_0 .alias "a", 0 0, v0x1be1470_0;
v0x1be1250_0 .alias "b", 0 0, v0x1be1520_0;
v0x1be12f0_0 .alias "carry", 0 0, v0x1be1730_0;
v0x1be1390_0 .alias "sum", 0 0, v0x1be1a60_0;
S_0x1be0dd0 .scope module, "ha2" "ha_vr" 4 20, 4 27, S_0x1be0ce0;
 .timescale -9 -12;
L_0x1beb730/d .functor XOR 1, L_0x1bebea0, L_0x1beb630, C4<0>, C4<0>;
L_0x1beb730 .delay (1000,1000,1000) L_0x1beb730/d;
L_0x1beb900/d .functor AND 1, L_0x1bebea0, L_0x1beb630, C4<1>, C4<1>;
L_0x1beb900 .delay (1000,1000,1000) L_0x1beb900/d;
v0x1be0ec0_0 .alias "a", 0 0, v0x1be15d0_0;
v0x1be0f40_0 .alias "b", 0 0, v0x1be1a60_0;
v0x1be0fc0_0 .alias "carry", 0 0, v0x1be17e0_0;
v0x1be1040_0 .alias "sum", 0 0, v0x1be19b0_0;
S_0x1bdfed0 .scope module, "fa2" "fa_v3" 4 9, 4 15, S_0x1bdef20;
 .timescale -9 -12;
L_0x1bec3d0 .functor OR 1, L_0x1bec070, L_0x1bec330, C4<0>, C4<0>;
L_0x1bec480 .functor OR 1, L_0x1bec760, L_0x1bec800, C4<0>, C4<0>;
L_0x1bec600 .functor AND 1, L_0x1bec760, L_0x1bec800, C4<1>, C4<1>;
v0x1be0660_0 .net "a", 0 0, L_0x1bec760; 1 drivers
v0x1be0710_0 .net "b", 0 0, L_0x1bec800; 1 drivers
v0x1be07c0_0 .net "c_in", 0 0, L_0x1bec8a0; 1 drivers
v0x1be0870_0 .alias "c_out", 0 0, v0x1be5890_0;
v0x1be0920_0 .net "carry1", 0 0, L_0x1bec070; 1 drivers
v0x1be09d0_0 .net "carry2", 0 0, L_0x1bec330; 1 drivers
v0x1be0a50_0 .alias "g", 0 0, v0x1be5ca0_0;
v0x1be0ad0_0 .alias "p", 0 0, v0x1be5dd0_0;
v0x1be0b50_0 .net "sum", 0 0, L_0x1bec160; 1 drivers
v0x1be0c00_0 .net "sum_par", 0 0, L_0x1bebfd0; 1 drivers
S_0x1be02b0 .scope module, "ha1" "ha_vr" 4 19, 4 27, S_0x1bdfed0;
 .timescale -9 -12;
L_0x1bebfd0/d .functor XOR 1, L_0x1bec760, L_0x1bec800, C4<0>, C4<0>;
L_0x1bebfd0 .delay (1000,1000,1000) L_0x1bebfd0/d;
L_0x1bec070/d .functor AND 1, L_0x1bec760, L_0x1bec800, C4<1>, C4<1>;
L_0x1bec070 .delay (1000,1000,1000) L_0x1bec070/d;
v0x1be03a0_0 .alias "a", 0 0, v0x1be0660_0;
v0x1be0440_0 .alias "b", 0 0, v0x1be0710_0;
v0x1be04e0_0 .alias "carry", 0 0, v0x1be0920_0;
v0x1be0580_0 .alias "sum", 0 0, v0x1be0c00_0;
S_0x1bdffc0 .scope module, "ha2" "ha_vr" 4 20, 4 27, S_0x1bdfed0;
 .timescale -9 -12;
L_0x1bec160/d .functor XOR 1, L_0x1bec8a0, L_0x1bebfd0, C4<0>, C4<0>;
L_0x1bec160 .delay (1000,1000,1000) L_0x1bec160/d;
L_0x1bec330/d .functor AND 1, L_0x1bec8a0, L_0x1bebfd0, C4<1>, C4<1>;
L_0x1bec330 .delay (1000,1000,1000) L_0x1bec330/d;
v0x1be00b0_0 .alias "a", 0 0, v0x1be07c0_0;
v0x1be0130_0 .alias "b", 0 0, v0x1be0c00_0;
v0x1be01b0_0 .alias "carry", 0 0, v0x1be09d0_0;
v0x1be0230_0 .alias "sum", 0 0, v0x1be0b50_0;
S_0x1bdf010 .scope module, "fa3" "fa_v3" 4 10, 4 15, S_0x1bdef20;
 .timescale -9 -12;
L_0x1becd10 .functor OR 1, L_0x1beca10, L_0x1becc30, C4<0>, C4<0>;
L_0x1bece00 .functor OR 1, L_0x1bed0c0, L_0x1bed160, C4<0>, C4<0>;
L_0x1becfa0 .functor AND 1, L_0x1bed0c0, L_0x1bed160, C4<1>, C4<1>;
v0x1bdf870_0 .net "a", 0 0, L_0x1bed0c0; 1 drivers
v0x1bdf920_0 .net "b", 0 0, L_0x1bed160; 1 drivers
v0x1bdf9d0_0 .net "c_in", 0 0, L_0x1bed320; 1 drivers
v0x1bdfa80_0 .alias "c_out", 0 0, v0x1be5940_0;
v0x1bdfb30_0 .net "carry1", 0 0, L_0x1beca10; 1 drivers
v0x1bdfbe0_0 .net "carry2", 0 0, L_0x1becc30; 1 drivers
v0x1bdfca0_0 .alias "g", 0 0, v0x1be5d50_0;
v0x1bdfd20_0 .alias "p", 0 0, v0x1be60a0_0;
v0x1bdfda0_0 .net "sum", 0 0, L_0x1becab0; 1 drivers
v0x1bdfe50_0 .net "sum_par", 0 0, L_0x1bec700; 1 drivers
S_0x1bdf4a0 .scope module, "ha1" "ha_vr" 4 19, 4 27, S_0x1bdf010;
 .timescale -9 -12;
L_0x1bec700/d .functor XOR 1, L_0x1bed0c0, L_0x1bed160, C4<0>, C4<0>;
L_0x1bec700 .delay (1000,1000,1000) L_0x1bec700/d;
L_0x1beca10/d .functor AND 1, L_0x1bed0c0, L_0x1bed160, C4<1>, C4<1>;
L_0x1beca10 .delay (1000,1000,1000) L_0x1beca10/d;
v0x1bdf590_0 .alias "a", 0 0, v0x1bdf870_0;
v0x1bdf650_0 .alias "b", 0 0, v0x1bdf920_0;
v0x1bdf6f0_0 .alias "carry", 0 0, v0x1bdfb30_0;
v0x1bdf790_0 .alias "sum", 0 0, v0x1bdfe50_0;
S_0x1bdf100 .scope module, "ha2" "ha_vr" 4 20, 4 27, S_0x1bdf010;
 .timescale -9 -12;
L_0x1becab0/d .functor XOR 1, L_0x1bed320, L_0x1bec700, C4<0>, C4<0>;
L_0x1becab0 .delay (1000,1000,1000) L_0x1becab0/d;
L_0x1becc30/d .functor AND 1, L_0x1bed320, L_0x1bec700, C4<1>, C4<1>;
L_0x1becc30 .delay (1000,1000,1000) L_0x1becc30/d;
v0x1bdf1f0_0 .alias "a", 0 0, v0x1bdf9d0_0;
v0x1bdf2b0_0 .alias "b", 0 0, v0x1bdfe50_0;
v0x1bdf350_0 .alias "carry", 0 0, v0x1bdfbe0_0;
v0x1bdf3f0_0 .alias "sum", 0 0, v0x1bdfda0_0;
S_0x1bdd800 .scope module, "A" "regA" 3 14, 5 1, S_0x1bbff70;
 .timescale -9 -12;
v0x1bdec30_0 .alias "CargaA", 0 0, v0x1be61c0_0;
v0x1bdecd0_0 .alias "ResetA", 0 0, v0x1be6520_0;
v0x1bded50_0 .alias "clk", 0 0, v0x1be67c0_0;
v0x1bdedd0_0 .alias "entA", 3 0, v0x1be6450_0;
v0x1bdee80_0 .alias "q", 3 0, v0x1be65a0_0;
L_0x1bed6a0 .part RS_0x7f9aacc7da08, 0, 1;
L_0x1bed740 .part/pv v0x1bdea70_0, 0, 1, 4;
L_0x1bed8f0 .part RS_0x7f9aacc7da08, 1, 1;
L_0x1bedaa0 .part/pv v0x1bde590_0, 1, 1, 4;
L_0x1bedb40 .part RS_0x7f9aacc7da08, 2, 1;
L_0x1bedbe0 .part/pv v0x1bde0f0_0, 2, 1, 4;
L_0x1bedc80 .part RS_0x7f9aacc7da08, 3, 1;
L_0x1bedd20 .part/pv v0x1bddc60_0, 3, 1, 4;
S_0x1bde690 .scope module, "ffa0" "ffdc" 5 4, 6 1, S_0x1bdd800;
 .timescale -9 -12;
P_0x1bde788 .param/l "retardo" 6 1, +C4<01>;
v0x1bde840_0 .alias "carga", 0 0, v0x1be61c0_0;
v0x1bde950_0 .alias "clk", 0 0, v0x1be67c0_0;
v0x1bde9d0_0 .net "d", 0 0, L_0x1bed6a0; 1 drivers
v0x1bdea70_0 .var "q", 0 0;
v0x1bdeb20_0 .alias "reset", 0 0, v0x1be6520_0;
S_0x1bde240 .scope module, "ffa1" "ffdc" 5 5, 6 1, S_0x1bdd800;
 .timescale -9 -12;
P_0x1bde338 .param/l "retardo" 6 1, +C4<01>;
v0x1bde3f0_0 .alias "carga", 0 0, v0x1be61c0_0;
v0x1bde470_0 .alias "clk", 0 0, v0x1be67c0_0;
v0x1bde4f0_0 .net "d", 0 0, L_0x1bed8f0; 1 drivers
v0x1bde590_0 .var "q", 0 0;
v0x1bde610_0 .alias "reset", 0 0, v0x1be6520_0;
S_0x1bdddc0 .scope module, "ffa2" "ffdc" 5 6, 6 1, S_0x1bdd800;
 .timescale -9 -12;
P_0x1bddeb8 .param/l "retardo" 6 1, +C4<01>;
v0x1bddf50_0 .alias "carga", 0 0, v0x1be61c0_0;
v0x1bddfd0_0 .alias "clk", 0 0, v0x1be67c0_0;
v0x1bde050_0 .net "d", 0 0, L_0x1bedb40; 1 drivers
v0x1bde0f0_0 .var "q", 0 0;
v0x1bde170_0 .alias "reset", 0 0, v0x1be6520_0;
S_0x1bdd8f0 .scope module, "ffa3" "ffdc" 5 7, 6 1, S_0x1bdd800;
 .timescale -9 -12;
P_0x1bdcfb8 .param/l "retardo" 6 1, +C4<01>;
v0x1bdda90_0 .alias "carga", 0 0, v0x1be61c0_0;
v0x1bddb60_0 .alias "clk", 0 0, v0x1be67c0_0;
v0x1bddbe0_0 .net "d", 0 0, L_0x1bedc80; 1 drivers
v0x1bddc60_0 .var "q", 0 0;
v0x1bddd10_0 .alias "reset", 0 0, v0x1be6520_0;
E_0x1bdda40 .event posedge, v0x1bdceb0_0, v0x1bd9560_0;
S_0x1bdc230 .scope module, "uc_c" "uc_cableada" 3 15, 7 3, S_0x1bbff70;
 .timescale -9 -12;
L_0x1bee170 .functor OR 1, L_0x1bedfa0, L_0x1bee0d0, C4<0>, C4<0>;
L_0x1bee040 .functor OR 1, L_0x1bee270, L_0x1bee310, C4<0>, C4<0>;
L_0x1bee510 .functor AND 1, L_0x1bee890, L_0x1bee040, C4<1>, C4<1>;
L_0x1bee660 .functor OR 1, L_0x1bee510, L_0x1bee5c0, C4<0>, C4<0>;
v0x1bdcc00_0 .alias "CargaA", 0 0, v0x1be61c0_0;
v0x1bdcca0_0 .alias "CargaQ", 0 0, v0x1be6240_0;
v0x1bdcd20_0 .alias "DesplazaQ", 0 0, v0x1be63d0_0;
v0x1bdcdd0_0 .alias "Fin", 0 0, v0x1be6b60_0;
v0x1bdceb0_0 .alias "ResetA", 0 0, v0x1be6520_0;
v0x1bdcf30_0 .net *"_s11", 0 0, L_0x1bee270; 1 drivers
v0x1bdcff0_0 .net *"_s13", 0 0, L_0x1bee310; 1 drivers
v0x1bdd070_0 .net *"_s14", 0 0, L_0x1bee040; 1 drivers
v0x1bdd110_0 .net *"_s16", 0 0, L_0x1bee510; 1 drivers
v0x1bdd1b0_0 .net *"_s19", 0 0, L_0x1bee5c0; 1 drivers
v0x1bdd2b0_0 .net *"_s3", 0 0, L_0x1bedfa0; 1 drivers
v0x1bdd350_0 .net *"_s5", 0 0, L_0x1bee0d0; 1 drivers
v0x1bdd460_0 .alias "clk", 0 0, v0x1be67c0_0;
v0x1bdb710_0 .net "cuenta", 3 0, v0x1bdc960_0; 1 drivers
v0x1bdd670_0 .net "out_dec", 15 0, L_0x1bede60; 1 drivers
v0x1bdd6f0_0 .net "q0", 0 0, L_0x1bee890; 1 drivers
v0x1bdd5f0_0 .alias "start", 0 0, v0x1be68c0_0;
L_0x1bedf00 .part L_0x1bede60, 0, 1;
L_0x1bedfa0 .part L_0x1bede60, 2, 1;
L_0x1bee0d0 .part L_0x1bede60, 4, 1;
L_0x1bee1d0 .part L_0x1bede60, 0, 1;
L_0x1bee270 .part L_0x1bede60, 1, 1;
L_0x1bee310 .part L_0x1bede60, 3, 1;
L_0x1bee5c0 .part L_0x1bede60, 5, 1;
L_0x1bee760 .part L_0x1bede60, 6, 1;
S_0x1bdc670 .scope module, "cont" "contador" 7 8, 8 1, S_0x1bdc230;
 .timescale -9 -12;
v0x1bdc8c0_0 .alias "clk", 0 0, v0x1be67c0_0;
v0x1bdc960_0 .var "cont", 3 0;
v0x1bdca00_0 .alias "fin", 0 0, v0x1be6b60_0;
v0x1bdcaa0_0 .alias "res", 3 0, v0x1bdb710_0;
v0x1bdcb80_0 .alias "reset", 0 0, v0x1be68c0_0;
E_0x1bdc760 .event posedge, v0x1bdca00_0, v0x1bdcb80_0, v0x1bd9560_0;
S_0x1bdc7d0 .scope begin, "loop_block" "loop_block" 8 5, 8 5, S_0x1bdc670;
 .timescale -9 -12;
S_0x1bdc320 .scope module, "dc" "dec_cuenta" 7 9, 9 1, S_0x1bdc230;
 .timescale -9 -12;
v0x1bdc410_0 .net/s *"_s0", 31 0, C4<00000000000000000000000000000001>; 1 drivers
v0x1bdc4b0_0 .net *"_s2", 31 0, L_0x1beddc0; 1 drivers
v0x1bdc550_0 .alias "ope", 15 0, v0x1bdd670_0;
v0x1bdc5f0_0 .alias "sel", 3 0, v0x1bdb710_0;
L_0x1beddc0 .shift/l 32, C4<00000000000000000000000000000001>, v0x1bdc960_0;
L_0x1bede60 .part L_0x1beddc0, 0, 16;
S_0x1bb45f0 .scope module, "Q" "regQ" 3 16, 10 2, S_0x1bbff70;
 .timescale -9 -12;
L_0x1bee980 .functor OR 1, L_0x1bedf00, L_0x1bee170, C4<0>, C4<0>;
v0x1bdbe80_0 .alias "CargaQ", 0 0, v0x1be6240_0;
v0x1bdbf00_0 .alias "DesplazaQ", 0 0, v0x1be63d0_0;
v0x1bdbf80_0 .alias "clk", 0 0, v0x1be67c0_0;
v0x1bdc000_0 .net "enable", 0 0, L_0x1bee980; 1 drivers
v0x1bdc0b0_0 .alias "entQ", 2 0, v0x1be6740_0;
v0x1bdc130_0 .alias "q", 2 0, v0x1be6670_0;
v0x1bdc1b0_0 .net "reset", 0 0, C4<0>; 1 drivers
L_0x1beed30 .part v0x1be6a10_0, 0, 1;
L_0x1beedd0 .part RS_0x7f9aacc7d528, 1, 1;
L_0x1beee70 .part/pv v0x1bdb820_0, 0, 1, 3;
L_0x1bef2b0 .part v0x1be6a10_0, 1, 1;
L_0x1bef3e0 .part RS_0x7f9aacc7d528, 2, 1;
L_0x1bef480 .part/pv v0x1bda770_0, 1, 1, 3;
L_0x1bef980 .part v0x1be6a10_0, 2, 1;
L_0x1befa60 .part/pv v0x1bd96b0_0, 2, 1, 3;
S_0x1bdada0 .scope module, "ff0" "cdaff" 10 6, 10 12, S_0x1bb45f0;
 .timescale -9 -12;
v0x1bdb9e0_0 .alias "carga", 0 0, v0x1bdc000_0;
v0x1bdba60_0 .alias "clk", 0 0, v0x1be67c0_0;
v0x1bdbae0_0 .net "inp", 0 0, L_0x1beec30; 1 drivers
v0x1bdbb60_0 .net "inp_c", 0 0, L_0x1beed30; 1 drivers
v0x1bdbc10_0 .net "inp_d", 0 0, L_0x1beedd0; 1 drivers
v0x1bdbcc0_0 .net "q", 0 0, v0x1bdb820_0; 1 drivers
v0x1bdbd80_0 .alias "reset", 0 0, v0x1bdc1b0_0;
v0x1bdbe00_0 .alias "selc_d", 0 0, v0x1be6240_0;
S_0x1bdb3d0 .scope module, "ff0" "ffdc" 10 14, 6 1, S_0x1bdada0;
 .timescale -9 -12;
P_0x1bdb4c8 .param/l "retardo" 6 1, +C4<01>;
v0x1bdb580_0 .alias "carga", 0 0, v0x1bdc000_0;
v0x1bdb690_0 .alias "clk", 0 0, v0x1be67c0_0;
v0x1bdb7a0_0 .alias "d", 0 0, v0x1bdbae0_0;
v0x1bdb820_0 .var "q", 0 0;
v0x1bdb8d0_0 .alias "reset", 0 0, v0x1bdc1b0_0;
S_0x1bdae90 .scope module, "mux0" "mux2_1_i1" 10 15, 10 19, S_0x1bdada0;
 .timescale -9 -12;
L_0x1beea70 .functor NOT 1, L_0x1bedf00, C4<0>, C4<0>, C4<0>;
L_0x1beead0 .functor AND 1, L_0x1beedd0, L_0x1beea70, C4<1>, C4<1>;
L_0x1beeb80 .functor AND 1, L_0x1beed30, L_0x1bedf00, C4<1>, C4<1>;
L_0x1beec30 .functor OR 1, L_0x1beead0, L_0x1beeb80, C4<0>, C4<0>;
v0x1bdaf80_0 .alias "a", 0 0, v0x1bdbc10_0;
v0x1bdb000_0 .alias "b", 0 0, v0x1bdbb60_0;
v0x1bdb080_0 .alias "out", 0 0, v0x1bdbae0_0;
v0x1bdb100_0 .alias "s", 0 0, v0x1be6240_0;
v0x1bdb210_0 .net "s_n", 0 0, L_0x1beea70; 1 drivers
v0x1bdb290_0 .net "sa", 0 0, L_0x1beead0; 1 drivers
v0x1bdb330_0 .net "sb", 0 0, L_0x1beeb80; 1 drivers
S_0x1bd9e00 .scope module, "ff1" "cdaff" 10 7, 10 12, S_0x1bb45f0;
 .timescale -9 -12;
v0x1bda8c0_0 .alias "carga", 0 0, v0x1bdc000_0;
v0x1bda940_0 .alias "clk", 0 0, v0x1be67c0_0;
v0x1bda9c0_0 .net "inp", 0 0, L_0x1bef1b0; 1 drivers
v0x1bdaa90_0 .net "inp_c", 0 0, L_0x1bef2b0; 1 drivers
v0x1bdab10_0 .net "inp_d", 0 0, L_0x1bef3e0; 1 drivers
v0x1bdab90_0 .net "q", 0 0, v0x1bda770_0; 1 drivers
v0x1bdac50_0 .alias "reset", 0 0, v0x1bdc1b0_0;
v0x1bdacd0_0 .alias "selc_d", 0 0, v0x1be6240_0;
S_0x1bda3e0 .scope module, "ff0" "ffdc" 10 14, 6 1, S_0x1bd9e00;
 .timescale -9 -12;
P_0x1bda4d8 .param/l "retardo" 6 1, +C4<01>;
v0x1bda550_0 .alias "carga", 0 0, v0x1bdc000_0;
v0x1bda620_0 .alias "clk", 0 0, v0x1be67c0_0;
v0x1bda6f0_0 .alias "d", 0 0, v0x1bda9c0_0;
v0x1bda770_0 .var "q", 0 0;
v0x1bda7f0_0 .alias "reset", 0 0, v0x1bdc1b0_0;
S_0x1bd9ef0 .scope module, "mux0" "mux2_1_i1" 10 15, 10 19, S_0x1bd9e00;
 .timescale -9 -12;
L_0x1beefa0 .functor NOT 1, L_0x1bedf00, C4<0>, C4<0>, C4<0>;
L_0x1bef000 .functor AND 1, L_0x1bef3e0, L_0x1beefa0, C4<1>, C4<1>;
L_0x1bef100 .functor AND 1, L_0x1bef2b0, L_0x1bedf00, C4<1>, C4<1>;
L_0x1bef1b0 .functor OR 1, L_0x1bef000, L_0x1bef100, C4<0>, C4<0>;
v0x1bd9fe0_0 .alias "a", 0 0, v0x1bdab10_0;
v0x1bda060_0 .alias "b", 0 0, v0x1bdaa90_0;
v0x1bda0e0_0 .alias "out", 0 0, v0x1bda9c0_0;
v0x1bda160_0 .alias "s", 0 0, v0x1be6240_0;
v0x1bda260_0 .net "s_n", 0 0, L_0x1beefa0; 1 drivers
v0x1bda2e0_0 .net "sa", 0 0, L_0x1bef000; 1 drivers
v0x1bda360_0 .net "sb", 0 0, L_0x1bef100; 1 drivers
S_0x1bb43e0 .scope module, "ff2" "cdaff" 10 8, 10 12, S_0x1bb45f0;
 .timescale -9 -12;
v0x1bd97e0_0 .alias "carga", 0 0, v0x1bdc000_0;
v0x1bd98b0_0 .alias "clk", 0 0, v0x1be67c0_0;
v0x1bd9960_0 .net "inp", 0 0, L_0x1be62c0; 1 drivers
v0x1bd9a30_0 .net "inp_c", 0 0, L_0x1bef980; 1 drivers
v0x1bd9ae0_0 .net "inp_d", 0 0, C4<0>; 1 drivers
v0x1bd9b90_0 .net "q", 0 0, v0x1bd96b0_0; 1 drivers
v0x1bd9c50_0 .alias "reset", 0 0, v0x1bdc1b0_0;
v0x1bd9d00_0 .alias "selc_d", 0 0, v0x1be6240_0;
S_0x1bd92d0 .scope module, "ff0" "ffdc" 10 14, 6 1, S_0x1bb43e0;
 .timescale -9 -12;
P_0x1bd93c8 .param/l "retardo" 6 1, +C4<01>;
v0x1bd94a0_0 .alias "carga", 0 0, v0x1bdc000_0;
v0x1bd9560_0 .alias "clk", 0 0, v0x1be67c0_0;
v0x1bd9600_0 .alias "d", 0 0, v0x1bd9960_0;
v0x1bd96b0_0 .var "q", 0 0;
v0x1bd9760_0 .alias "reset", 0 0, v0x1bdc1b0_0;
E_0x1bd9080 .event posedge, v0x1bd9760_0, v0x1bd9560_0;
S_0x1baff80 .scope module, "mux0" "mux2_1_i1" 10 15, 10 19, S_0x1bb43e0;
 .timescale -9 -12;
L_0x1bef560 .functor NOT 1, L_0x1bedf00, C4<0>, C4<0>, C4<0>;
L_0x1bef5c0 .functor AND 1, C4<0>, L_0x1bef560, C4<1>, C4<1>;
L_0x1bef6c0 .functor AND 1, L_0x1bef980, L_0x1bedf00, C4<1>, C4<1>;
L_0x1be62c0 .functor OR 1, L_0x1bef5c0, L_0x1bef6c0, C4<0>, C4<0>;
v0x1b90590_0 .alias "a", 0 0, v0x1bd9ae0_0;
v0x1bd8ec0_0 .alias "b", 0 0, v0x1bd9a30_0;
v0x1bd8f60_0 .alias "out", 0 0, v0x1bd9960_0;
v0x1bd9000_0 .alias "s", 0 0, v0x1be6240_0;
v0x1bd90b0_0 .net "s_n", 0 0, L_0x1bef560; 1 drivers
v0x1bd9150_0 .net "sa", 0 0, L_0x1bef5c0; 1 drivers
v0x1bd9230_0 .net "sb", 0 0, L_0x1bef6c0; 1 drivers
    .scope S_0x1bde690;
T_0 ;
    %wait E_0x1bdda40;
    %load/v 8, v0x1bdeb20_0, 1;
    %jmp/0xz  T_0.0, 8;
    %ix/load 0, 1, 0;
    %assign/v0 v0x1bdea70_0, 1000, 0;
    %jmp T_0.1;
T_0.0 ;
    %load/v 8, v0x1bde840_0, 1;
    %jmp/0xz  T_0.2, 8;
    %load/v 8, v0x1bde9d0_0, 1;
    %ix/load 0, 1, 0;
    %assign/v0 v0x1bdea70_0, 1000, 8;
T_0.2 ;
T_0.1 ;
    %jmp T_0;
    .thread T_0;
    .scope S_0x1bde240;
T_1 ;
    %wait E_0x1bdda40;
    %load/v 8, v0x1bde610_0, 1;
    %jmp/0xz  T_1.0, 8;
    %ix/load 0, 1, 0;
    %assign/v0 v0x1bde590_0, 1000, 0;
    %jmp T_1.1;
T_1.0 ;
    %load/v 8, v0x1bde3f0_0, 1;
    %jmp/0xz  T_1.2, 8;
    %load/v 8, v0x1bde4f0_0, 1;
    %ix/load 0, 1, 0;
    %assign/v0 v0x1bde590_0, 1000, 8;
T_1.2 ;
T_1.1 ;
    %jmp T_1;
    .thread T_1;
    .scope S_0x1bdddc0;
T_2 ;
    %wait E_0x1bdda40;
    %load/v 8, v0x1bde170_0, 1;
    %jmp/0xz  T_2.0, 8;
    %ix/load 0, 1, 0;
    %assign/v0 v0x1bde0f0_0, 1000, 0;
    %jmp T_2.1;
T_2.0 ;
    %load/v 8, v0x1bddf50_0, 1;
    %jmp/0xz  T_2.2, 8;
    %load/v 8, v0x1bde050_0, 1;
    %ix/load 0, 1, 0;
    %assign/v0 v0x1bde0f0_0, 1000, 8;
T_2.2 ;
T_2.1 ;
    %jmp T_2;
    .thread T_2;
    .scope S_0x1bdd8f0;
T_3 ;
    %wait E_0x1bdda40;
    %load/v 8, v0x1bddd10_0, 1;
    %jmp/0xz  T_3.0, 8;
    %ix/load 0, 1, 0;
    %assign/v0 v0x1bddc60_0, 1000, 0;
    %jmp T_3.1;
T_3.0 ;
    %load/v 8, v0x1bdda90_0, 1;
    %jmp/0xz  T_3.2, 8;
    %load/v 8, v0x1bddbe0_0, 1;
    %ix/load 0, 1, 0;
    %assign/v0 v0x1bddc60_0, 1000, 8;
T_3.2 ;
T_3.1 ;
    %jmp T_3;
    .thread T_3;
    .scope S_0x1bdc670;
T_4 ;
    %wait E_0x1bdc760;
    %fork t_1, S_0x1bdc7d0;
    %jmp t_0;
    .scope S_0x1bdc7d0;
t_1 ;
    %load/v 8, v0x1bdca00_0, 1;
    %jmp/0xz  T_4.0, 8;
    %disable S_0x1bdc7d0;
    %jmp T_4.1;
T_4.0 ;
    %load/v 8, v0x1bdcb80_0, 1;
    %jmp/0xz  T_4.2, 8;
    %set/v v0x1bdc960_0, 0, 4;
    %jmp T_4.3;
T_4.2 ;
    %load/v 8, v0x1bdc960_0, 4;
    %mov 12, 0, 28;
    %addi 8, 1, 32;
    %set/v v0x1bdc960_0, 8, 4;
T_4.3 ;
T_4.1 ;
    %end;
    .scope S_0x1bdc670;
t_0 %join;
    %jmp T_4;
    .thread T_4;
    .scope S_0x1bdb3d0;
T_5 ;
    %wait E_0x1bd9080;
    %load/v 8, v0x1bdb8d0_0, 1;
    %jmp/0xz  T_5.0, 8;
    %ix/load 0, 1, 0;
    %assign/v0 v0x1bdb820_0, 1000, 0;
    %jmp T_5.1;
T_5.0 ;
    %load/v 8, v0x1bdb580_0, 1;
    %jmp/0xz  T_5.2, 8;
    %load/v 8, v0x1bdb7a0_0, 1;
    %ix/load 0, 1, 0;
    %assign/v0 v0x1bdb820_0, 1000, 8;
T_5.2 ;
T_5.1 ;
    %jmp T_5;
    .thread T_5;
    .scope S_0x1bda3e0;
T_6 ;
    %wait E_0x1bd9080;
    %load/v 8, v0x1bda7f0_0, 1;
    %jmp/0xz  T_6.0, 8;
    %ix/load 0, 1, 0;
    %assign/v0 v0x1bda770_0, 1000, 0;
    %jmp T_6.1;
T_6.0 ;
    %load/v 8, v0x1bda550_0, 1;
    %jmp/0xz  T_6.2, 8;
    %load/v 8, v0x1bda6f0_0, 1;
    %ix/load 0, 1, 0;
    %assign/v0 v0x1bda770_0, 1000, 8;
T_6.2 ;
T_6.1 ;
    %jmp T_6;
    .thread T_6;
    .scope S_0x1bd92d0;
T_7 ;
    %wait E_0x1bd9080;
    %load/v 8, v0x1bd9760_0, 1;
    %jmp/0xz  T_7.0, 8;
    %ix/load 0, 1, 0;
    %assign/v0 v0x1bd96b0_0, 1000, 0;
    %jmp T_7.1;
T_7.0 ;
    %load/v 8, v0x1bd94a0_0, 1;
    %jmp/0xz  T_7.2, 8;
    %load/v 8, v0x1bd9600_0, 1;
    %ix/load 0, 1, 0;
    %assign/v0 v0x1bd96b0_0, 1000, 8;
T_7.2 ;
T_7.1 ;
    %jmp T_7;
    .thread T_7;
    .scope S_0x1bb33a0;
T_8 ;
    %set/v v0x1be6ae0_0, 0, 1;
    %delay 60000, 0;
    %set/v v0x1be6ae0_0, 1, 1;
    %delay 60000, 0;
    %jmp T_8;
    .thread T_8;
    .scope S_0x1bb33a0;
T_9 ;
    %vpi_call 2 23 "$dumpfile", "mimodulo_tb.vcd";
    %vpi_call 2 24 "$dumpvars";
    %set/v v0x1be6a10_0, 0, 3;
    %set/v v0x1be6be0_0, 1, 1;
    %delay 1000, 0;
    %set/v v0x1be6be0_0, 0, 1;
    %delay 600000, 0;
    %vpi_call 2 31 "$finish";
    %end;
    .thread T_9;
# The file index is used to find the file name in the following table.
:file_names 11;
    "N/A";
    "<interactive>";
    "cuenta1_tb.v";
    "./cuenta1.v";
    "./sum4.v";
    "./regA.v";
    "./ffdc.v";
    "./uc_cableada.v";
    "./contador.v";
    "./dec_cuenta.v";
    "./regQ.v";
